This is pdfTeX, Version 3.14159265-2.6-1.40.15 (MiKTeX 2.9) (preloaded format=pdftex 2015.6.16)  11 OCT 2015 19:32
entering extended mode
**chap-26.tex
(chap-26.tex (setup.tex (setup-version.tex) (setup-title.tex) (setup-aux.tex
(setup-cmfont.tex)
\normalleftskip=\skip18
\comleftskip=\skip19
\hcomleftskip=\skip20
\normalparskip=\skip21
\combarht=\dimen16
\fullhsize=\dimen17
\headline=\toks12
\footline=\toks13
\iskip=\skip22
\iiskip=\skip23
\iiiskip=\skip24
\firstcolbox=\box16
\othercolbox=\box17
\tocfile=\write0
\figfile=\write1
\idxfile=\write2
\issfile=\write3
\reffile=\write4
\secfile=\write5
\capno=\count26
\secn=\count27
\ssecn=\count28
\sssecn=\count29
\ssssecn=\count30
\sssssecn=\count31
\ssssssecn=\count32
\comline=\box18
\idxins=\insert252
\leftcolumn=\box19
\dotw=\dimen18
\changedepth=\dimen19
) (setup-document.tex) (setup-tables.tex) (setup-terms.tex)
(setup-figures.tex) (setup-sections.tex) (setup-options.tex)) [-1{C:/Users/vanc
an1ty/AppData/Local/MiKTeX/2.9/pdftex/config/pdftex.map}] [-2]
(concept-glossary.tex [1] [2] [3] [4] [5] [6] [7] [8] [9] [10] [11] [12]
[13] [14] [15] [16] [17] [18] [19] [20] [21] [22] [23] [24] [25] [26] [27]
[28] [29] [30] [31]
Underfull \hbox (badness 1303) in paragraph at lines 2539--2543
 []\bbften internal time unit[] \bitten n. \prmten a unit of time equal to $1\m
iten =n$ \prmten of a sec-ond, for 

\hbox(7.5+2.5)x480.0, glue set 2.35522
.\glue(\leftskip) 102.0
.\hbox(0.0+0.0)x0.0, glue set 18.0fil
..\glue -18.0
..\glue 0.0 plus 1.0fil minus 1.0fil
.\penalty 20000
.\bbften i
.\bbften n
.etc.


Underfull \hbox (badness 1783) in paragraph at lines 2539--2543
 \prmten some \bitten implementation-defined in-te-ger \prmten value of $\miten
 n$\prmten . See the \bitten vari-able 

\hbox(6.94444+1.94444)x480.0, glue set 2.61513
.\glue(\leftskip) 102.0
.\prmten s
.\prmten o
.\prmten m
.\prmten e
.etc.

[32] [33] [34] [35] [36] [37] [38] [39] [40] [41] [42] [43]
Overfull \hbox (2.83113pt too wide) in paragraph at lines 3474--3479
 []\bbften pprint dis-patch ta-ble[] \bitten n. \prmten an \bitten ob-ject \prm
ten that can be the \bitten value \prmten of $$[] 

\hbox(6.94444+1.94444)x480.0
.\glue(\leftskip) 102.0
.\hbox(0.0+0.0)x0.0, glue set 18.0fil
..\glue -18.0
..\glue 0.0 plus 1.0fil minus 1.0fil
.\penalty 20000
.\bbften p
.\bbften p
.etc.

[44] [45] [46] [47] [48] [49] [50] [51] [52] [53]
Underfull \hbox (badness 1028) in paragraph at lines 4325--4330
 []\bbften standard ob-ject[] \bitten n. \prmten an \bitten ob-ject \prmten tha
t is a \bitten gen-er-al-ized in-stance \prmten of \bitten class 

\hbox(6.94444+1.94444)x480.0, glue set 2.17755
.\glue(\leftskip) 102.0
.\hbox(0.0+0.0)x0.0, glue set 18.0fil
..\glue -18.0
..\glue 0.0 plus 1.0fil minus 1.0fil
.\penalty 20000
.\bbften s
.\bbften t
.etc.

[54]
Underfull \hbox (badness 1199) in paragraph at lines 4395--4408
 \prmten the \bitten tar-get \prmten of which is a \bitten stream as-so-ci-ated
 with a file\prmten . Such a \bitten stream 

\hbox(6.94444+1.94444)x480.0, glue set 2.29031
.\glue(\leftskip) 102.0
.\prmten t
.\prmten h
.\prmten e
.\glue 3.33333
.etc.


Underfull \hbox (badness 1107) in paragraph at lines 4395--4408
 \prmten can-not be cre-ated with $$[], $$[], 

\hbox(6.94444+1.94444)x480.0, glue set 2.22949
.\glue(\leftskip) 102.0
.\prmten c
.\prmten a
.\prmten n
.\discretionary
..\prmten -
.etc.

[55] [56] [57] [58] [59] [60] [61] [62] [63]) [64] )<C:/Program Files (x86)/MiK
TeX 2.9/fonts/type1/public/amsfonts/cm/cmbx10.pfb><C:/Program Files (x86)/MiKTe
X 2.9/fonts/type1/public/amsfonts/cm/cmbx9.pfb><C:/Program Files (x86)/MiKTeX 2
.9/fonts/type1/public/amsfonts/cm/cmbxsl10.pfb><C:/Program Files (x86)/MiKTeX 2
.9/fonts/type1/public/amsfonts/cm/cmmi10.pfb><C:/Program Files (x86)/MiKTeX 2.9
/fonts/type1/public/amsfonts/cm/cmmi7.pfb><C:/Program Files (x86)/MiKTeX 2.9/fo
nts/type1/public/amsfonts/cm/cmr10.pfb><C:/Program Files (x86)/MiKTeX 2.9/fonts
/type1/public/amsfonts/cm/cmr7.pfb><C:/Program Files (x86)/MiKTeX 2.9/fonts/typ
e1/public/amsfonts/cm/cmssi10.pfb><C:/Program Files (x86)/MiKTeX 2.9/fonts/type
1/public/amsfonts/cm/cmsy10.pfb><C:/Program Files (x86)/MiKTeX 2.9/fonts/type1/
public/amsfonts/cm/cmti10.pfb><C:/Program Files (x86)/MiKTeX 2.9/fonts/type1/pu
blic/amsfonts/cm/cmtt10.pfb><C:/Program Files (x86)/MiKTeX 2.9/fonts/type1/publ
ic/amsfonts/cm/cmtt9.pfb>
Output written on chap-26.pdf (66 pages, 378078 bytes).
PDF statistics:
 262 PDF objects out of 1000 (max. 8388607)
 0 named destinations out of 1000 (max. 500000)
 1 words of extra memory for PDF output out of 10000 (max. 10000000)

