This is pdfTeX, Version 3.1415926-2.5-1.40.14 (TeX Live 2013/Debian) (format=pdftex 2016.7.17)  14 SEP 2016 21:52
entering extended mode
 restricted \write18 enabled.
 %&-line parsing enabled.
**chap-22.tex
(./chap-22.tex (./setup.tex (./setup-version.tex) (./setup-title.tex)
(./setup-aux.tex (./setup-cmfont.tex)
\normalleftskip=\skip18
\comleftskip=\skip19
\hcomleftskip=\skip20
\normalparskip=\skip21
\combarht=\dimen16
\fullhsize=\dimen17
\headline=\toks13
\footline=\toks14
\iskip=\skip22
\iiskip=\skip23
\iiiskip=\skip24
\firstcolbox=\box16
\othercolbox=\box17
\tocfile=\write0
\figfile=\write1
\idxfile=\write2
\issfile=\write3
\reffile=\write4
\secfile=\write5
\capno=\count27
\secn=\count28
\ssecn=\count29
\sssecn=\count30
\ssssecn=\count31
\sssssecn=\count32
\ssssssecn=\count33
\comline=\box18
\idxins=\insert252
\leftcolumn=\box19
\dotw=\dimen18
\changedepth=\dimen19
) (./setup-document.tex)
(./setup-tables.tex) (./setup-terms.tex) (./setup-figures.tex)
(./setup-sections.tex) (./setup-options.tex))
\openout0 = `chap-22.toc'.

\openout1 = `chap-22.fig'.

\openout2 = `chap-22.idx'.

\openout3 = `chap-22.iss'.

\openout4 = `chap-22.ref'.

\openout5 = `chap-22.sec'.

 [-1{/var/lib/texmf/fonts/map/pdftex/updmap/pdftex.map}] [-2] (./concept-print.
tex [1] [2] [3] [4] [5] [6]
[7] [8] [9] [10] [11] [12]) [13] (./concept-pprint.tex [14] [15] [16] [17]
[18] [19]
Overfull \hbox (0.9973pt too wide) detected at line 443
[]

\hbox(5.4245+4.0)x4.72499
.\hbox(9.4245+0.0)x5.72229, shifted 4.0
..\mathon
..\hbox(5.79558+0.0)x5.72229, shifted -3.62892
...\hbox(2.77779+0.0)x5.22229, shifted -3.01779 []
..\mathoff


Overfull \hbox (0.9973pt too wide) detected at line 443
[]

\hbox(5.4245+4.0)x4.72499
.\hbox(9.4245+0.0)x5.72229, shifted 4.0
..\mathon
..\hbox(5.79558+0.0)x5.72229, shifted -3.62892
...\hbox(2.77779+0.0)x5.22229, shifted -3.01779 []
..\mathoff


Overfull \hbox (0.9973pt too wide) detected at line 443
[]

\hbox(5.4245+4.0)x4.72499
.\hbox(9.4245+0.0)x5.72229, shifted 4.0
..\mathon
..\hbox(5.79558+0.0)x5.72229, shifted -3.62892
...\hbox(2.77779+0.0)x5.22229, shifted -3.01779 []
..\mathoff


Overfull \hbox (0.9973pt too wide) detected at line 443
[]

\hbox(5.4245+4.0)x4.72499
.\hbox(9.4245+0.0)x5.72229, shifted 4.0
..\mathon
..\hbox(5.79558+0.0)x5.72229, shifted -3.62892
...\hbox(2.77779+0.0)x5.22229, shifted -3.01779 []
..\mathoff

[20] [21]) [22] (./concept-format.tex [23] [24] [25] [26] [27] [28] [29]
[30] [31]
Overfull \hbox (0.9973pt too wide) detected at line 941
[]

\hbox(5.4245+4.0)x4.72499
.\hbox(9.4245+0.0)x5.72229, shifted 4.0
..\mathon
..\hbox(5.79558+0.0)x5.72229, shifted -3.62892
...\hbox(2.77779+0.0)x5.22229, shifted -3.01779 []
..\mathoff

[32] [33]
Overfull \hbox (0.9973pt too wide) detected at line 1124
[]

\hbox(5.4245+4.0)x4.72499
.\hbox(9.4245+0.0)x5.72229, shifted 4.0
..\mathon
..\hbox(5.79558+0.0)x5.72229, shifted -3.62892
...\hbox(2.77779+0.0)x5.22229, shifted -3.01779 []
..\mathoff

[34]
Overfull \hbox (0.9973pt too wide) detected at line 1132
[]

\hbox(5.4245+4.0)x4.72499
.\hbox(9.4245+0.0)x5.72229, shifted 4.0
..\mathon
..\hbox(5.79558+0.0)x5.72229, shifted -3.62892
...\hbox(2.77779+0.0)x5.22229, shifted -3.01779 []
..\mathoff


Overfull \hbox (0.9973pt too wide) detected at line 1148
[]

\hbox(5.4245+4.0)x4.72499
.\hbox(9.4245+0.0)x5.72229, shifted 4.0
..\mathon
..\hbox(5.79558+0.0)x5.72229, shifted -3.62892
...\hbox(2.77779+0.0)x5.22229, shifted -3.01779 []
..\mathoff


Overfull \hbox (0.9973pt too wide) detected at line 1163
[]

\hbox(5.4245+4.0)x4.72499
.\hbox(9.4245+0.0)x5.72229, shifted 4.0
..\mathon
..\hbox(5.79558+0.0)x5.72229, shifted -3.62892
...\hbox(2.77779+0.0)x5.22229, shifted -3.01779 []
..\mathoff

[35]
Overfull \hbox (0.9973pt too wide) detected at line 1288
[]

\hbox(5.4245+4.0)x4.72499
.\hbox(9.4245+0.0)x5.72229, shifted 4.0
..\mathon
..\hbox(5.79558+0.0)x5.72229, shifted -3.62892
...\hbox(2.77779+0.0)x5.22229, shifted -3.01779 []
..\mathoff

[36]
Overfull \hbox (0.9973pt too wide) detected at line 1326
[]

\hbox(5.4245+4.0)x4.72499
.\hbox(9.4245+0.0)x5.72229, shifted 4.0
..\mathon
..\hbox(5.79558+0.0)x5.72229, shifted -3.62892
...\hbox(2.77779+0.0)x5.22229, shifted -3.01779 []
..\mathoff

[37] [38] [39]
Overfull \hbox (0.9973pt too wide) detected at line 1582
[]

\hbox(5.4245+4.0)x4.72499
.\hbox(9.4245+0.0)x5.72229, shifted 4.0
..\mathon
..\hbox(5.79558+0.0)x5.72229, shifted -3.62892
...\hbox(2.77779+0.0)x5.22229, shifted -3.01779 []
..\mathoff


Overfull \hbox (0.9973pt too wide) detected at line 1592
[]

\hbox(5.4245+4.0)x4.72499
.\hbox(9.4245+0.0)x5.72229, shifted 4.0
..\mathon
..\hbox(5.79558+0.0)x5.72229, shifted -3.62892
...\hbox(2.77779+0.0)x5.22229, shifted -3.01779 []
..\mathoff


Overfull \hbox (0.9973pt too wide) detected at line 1596
[]

\hbox(5.4245+4.0)x4.72499
.\hbox(9.4245+0.0)x5.72229, shifted 4.0
..\mathon
..\hbox(5.79558+0.0)x5.72229, shifted -3.62892
...\hbox(2.77779+0.0)x5.22229, shifted -3.01779 []
..\mathoff


Overfull \hbox (0.9973pt too wide) detected at line 1596
[]

\hbox(5.4245+4.0)x4.72499
.\hbox(9.4245+0.0)x5.72229, shifted 4.0
..\mathon
..\hbox(5.79558+0.0)x5.72229, shifted -3.62892
...\hbox(2.77779+0.0)x5.22229, shifted -3.01779 []
..\mathoff


Overfull \hbox (0.9973pt too wide) detected at line 1597
[]

\hbox(5.4245+4.0)x4.72499
.\hbox(9.4245+0.0)x5.72229, shifted 4.0
..\mathon
..\hbox(5.79558+0.0)x5.72229, shifted -3.62892
...\hbox(2.77779+0.0)x5.22229, shifted -3.01779 []
..\mathoff


Overfull \hbox (0.9973pt too wide) detected at line 1597
[]

\hbox(5.4245+4.0)x4.72499
.\hbox(9.4245+0.0)x5.72229, shifted 4.0
..\mathon
..\hbox(5.79558+0.0)x5.72229, shifted -3.62892
...\hbox(2.77779+0.0)x5.22229, shifted -3.01779 []
..\mathoff


Overfull \hbox (0.9973pt too wide) detected at line 1605
[]

\hbox(5.4245+4.0)x4.72499
.\hbox(9.4245+0.0)x5.72229, shifted 4.0
..\mathon
..\hbox(5.79558+0.0)x5.72229, shifted -3.62892
...\hbox(2.77779+0.0)x5.22229, shifted -3.01779 []
..\mathoff


Overfull \hbox (0.9973pt too wide) detected at line 1606
[]

\hbox(5.4245+4.0)x4.72499
.\hbox(9.4245+0.0)x5.72229, shifted 4.0
..\mathon
..\hbox(5.79558+0.0)x5.72229, shifted -3.62892
...\hbox(2.77779+0.0)x5.22229, shifted -3.01779 []
..\mathoff


Overfull \hbox (0.9973pt too wide) detected at line 1615
[]

\hbox(5.4245+4.0)x4.72499
.\hbox(9.4245+0.0)x5.72229, shifted 4.0
..\mathon
..\hbox(5.79558+0.0)x5.72229, shifted -3.62892
...\hbox(2.77779+0.0)x5.22229, shifted -3.01779 []
..\mathoff


Overfull \hbox (0.9973pt too wide) detected at line 1619
[]

\hbox(5.4245+4.0)x4.72499
.\hbox(9.4245+0.0)x5.72229, shifted 4.0
..\mathon
..\hbox(5.79558+0.0)x5.72229, shifted -3.62892
...\hbox(2.77779+0.0)x5.22229, shifted -3.01779 []
..\mathoff


Overfull \hbox (0.9973pt too wide) detected at line 1622
[]

\hbox(5.4245+4.0)x4.72499
.\hbox(9.4245+0.0)x5.72229, shifted 4.0
..\mathon
..\hbox(5.79558+0.0)x5.72229, shifted -3.62892
...\hbox(2.77779+0.0)x5.22229, shifted -3.01779 []
..\mathoff


Overfull \hbox (0.9973pt too wide) detected at line 1630
[]

\hbox(5.4245+4.0)x4.72499
.\hbox(9.4245+0.0)x5.72229, shifted 4.0
..\mathon
..\hbox(5.79558+0.0)x5.72229, shifted -3.62892
...\hbox(2.77779+0.0)x5.22229, shifted -3.01779 []
..\mathoff


Overfull \hbox (0.9973pt too wide) detected at line 1631
[]

\hbox(5.4245+4.0)x4.72499
.\hbox(9.4245+0.0)x5.72229, shifted 4.0
..\mathon
..\hbox(5.79558+0.0)x5.72229, shifted -3.62892
...\hbox(2.77779+0.0)x5.22229, shifted -3.01779 []
..\mathoff


Overfull \hbox (0.9973pt too wide) detected at line 1637
[]

\hbox(5.4245+4.0)x4.72499
.\hbox(9.4245+0.0)x5.72229, shifted 4.0
..\mathon
..\hbox(5.79558+0.0)x5.72229, shifted -3.62892
...\hbox(2.77779+0.0)x5.22229, shifted -3.01779 []
..\mathoff


Overfull \hbox (0.9973pt too wide) detected at line 1642
[]

\hbox(5.4245+4.0)x4.72499
.\hbox(9.4245+0.0)x5.72229, shifted 4.0
..\mathon
..\hbox(5.79558+0.0)x5.72229, shifted -3.62892
...\hbox(2.77779+0.0)x5.22229, shifted -3.01779 []
..\mathoff


Overfull \hbox (0.9973pt too wide) detected at line 1652
[]

\hbox(5.4245+4.0)x4.72499
.\hbox(9.4245+0.0)x5.72229, shifted 4.0
..\mathon
..\hbox(5.79558+0.0)x5.72229, shifted -3.62892
...\hbox(2.77779+0.0)x5.22229, shifted -3.01779 []
..\mathoff


Overfull \hbox (0.9973pt too wide) detected at line 1654
[]

\hbox(5.4245+4.0)x4.72499
.\hbox(9.4245+0.0)x5.72229, shifted 4.0
..\mathon
..\hbox(5.79558+0.0)x5.72229, shifted -3.62892
...\hbox(2.77779+0.0)x5.22229, shifted -3.01779 []
..\mathoff

[40]
Overfull \hbox (0.9973pt too wide) detected at line 1662
[]

\hbox(5.4245+4.0)x4.72499
.\hbox(9.4245+0.0)x5.72229, shifted 4.0
..\mathon
..\hbox(5.79558+0.0)x5.72229, shifted -3.62892
...\hbox(2.77779+0.0)x5.22229, shifted -3.01779 []
..\mathoff


Overfull \hbox (0.9973pt too wide) detected at line 1663
[]

\hbox(5.4245+4.0)x4.72499
.\hbox(9.4245+0.0)x5.72229, shifted 4.0
..\mathon
..\hbox(5.79558+0.0)x5.72229, shifted -3.62892
...\hbox(2.77779+0.0)x5.22229, shifted -3.01779 []
..\mathoff


Overfull \hbox (0.9973pt too wide) detected at line 1670
[]

\hbox(5.4245+4.0)x4.72499
.\hbox(9.4245+0.0)x5.72229, shifted 4.0
..\mathon
..\hbox(5.79558+0.0)x5.72229, shifted -3.62892
...\hbox(2.77779+0.0)x5.22229, shifted -3.01779 []
..\mathoff


Overfull \hbox (0.9973pt too wide) detected at line 1674
[]

\hbox(5.4245+4.0)x4.72499
.\hbox(9.4245+0.0)x5.72229, shifted 4.0
..\mathon
..\hbox(5.79558+0.0)x5.72229, shifted -3.62892
...\hbox(2.77779+0.0)x5.22229, shifted -3.01779 []
..\mathoff


Overfull \hbox (0.9973pt too wide) detected at line 1674
[]

\hbox(5.4245+4.0)x4.72499
.\hbox(9.4245+0.0)x5.72229, shifted 4.0
..\mathon
..\hbox(5.79558+0.0)x5.72229, shifted -3.62892
...\hbox(2.77779+0.0)x5.22229, shifted -3.01779 []
..\mathoff


Overfull \hbox (0.9973pt too wide) detected at line 1676
[]

\hbox(5.4245+4.0)x4.72499
.\hbox(9.4245+0.0)x5.72229, shifted 4.0
..\mathon
..\hbox(5.79558+0.0)x5.72229, shifted -3.62892
...\hbox(2.77779+0.0)x5.22229, shifted -3.01779 []
..\mathoff


Overfull \hbox (0.9973pt too wide) detected at line 1676
[]

\hbox(5.4245+4.0)x4.72499
.\hbox(9.4245+0.0)x5.72229, shifted 4.0
..\mathon
..\hbox(5.79558+0.0)x5.72229, shifted -3.62892
...\hbox(2.77779+0.0)x5.22229, shifted -3.01779 []
..\mathoff


Overfull \hbox (0.9973pt too wide) detected at line 1678
[]

\hbox(5.4245+4.0)x4.72499
.\hbox(9.4245+0.0)x5.72229, shifted 4.0
..\mathon
..\hbox(5.79558+0.0)x5.72229, shifted -3.62892
...\hbox(2.77779+0.0)x5.22229, shifted -3.01779 []
..\mathoff


Overfull \hbox (0.9973pt too wide) detected at line 1678
[]

\hbox(5.4245+4.0)x4.72499
.\hbox(9.4245+0.0)x5.72229, shifted 4.0
..\mathon
..\hbox(5.79558+0.0)x5.72229, shifted -3.62892
...\hbox(2.77779+0.0)x5.22229, shifted -3.01779 []
..\mathoff

[41] [42] [43] [44]
Overfull \hbox (0.9973pt too wide) detected at line 1918
[]

\hbox(5.4245+4.0)x4.72499
.\hbox(9.4245+0.0)x5.72229, shifted 4.0
..\mathon
..\hbox(5.79558+0.0)x5.72229, shifted -3.62892
...\hbox(2.77779+0.0)x5.22229, shifted -3.01779 []
..\mathoff

) [45] (./dict-printer.tex [46] [47] [48] [49] [50] [51] [52] [53] [54]
[55] [56] [57] [58] [59] [60] [61] [62] [63] [64] [65] [66] [67] [68] [69]
[70] [71] [72] [73] [74] [75] [76] [77] [78] [79]) [80] ){/usr/share/texmf/font
s/enc/dvips/lm/lm-ec.enc}</usr/share/texlive/texmf-dist/fonts/type1/public/amsf
onts/cm/cmbxsl10.pfb></usr/share/texlive/texmf-dist/fonts/type1/public/amsfonts
/cm/cmmi10.pfb></usr/share/texlive/texmf-dist/fonts/type1/public/amsfonts/cm/cm
mi7.pfb></usr/share/texlive/texmf-dist/fonts/type1/public/amsfonts/cm/cmr10.pfb
></usr/share/texlive/texmf-dist/fonts/type1/public/amsfonts/cm/cmssi10.pfb></us
r/share/texlive/texmf-dist/fonts/type1/public/amsfonts/cm/cmsy10.pfb></usr/shar
e/texlive/texmf-dist/fonts/type1/public/amsfonts/cm/cmsy5.pfb></usr/share/texli
ve/texmf-dist/fonts/type1/public/amsfonts/cm/cmsy7.pfb></usr/share/texlive/texm
f-dist/fonts/type1/public/amsfonts/cm/cmti10.pfb></usr/share/texlive/texmf-dist
/fonts/type1/public/amsfonts/cm/cmti7.pfb></usr/share/texlive/texmf-dist/fonts/
type1/public/amsfonts/cm/cmtt10.pfb></usr/share/texmf/fonts/type1/public/lm/lmb
x10.pfb></usr/share/texmf/fonts/type1/public/lm/lmbx9.pfb></usr/share/texmf/fon
ts/type1/public/lm/lmr10.pfb></usr/share/texmf/fonts/type1/public/lm/lmr7.pfb><
/usr/share/texmf/fonts/type1/public/lm/lmtt9.pfb>
Output written on chap-22.pdf (82 pages, 451902 bytes).
PDF statistics:
 335 PDF objects out of 1000 (max. 8388607)
 232 compressed objects within 3 object streams
 0 named destinations out of 1000 (max. 500000)
 1 words of extra memory for PDF output out of 10000 (max. 10000000)

