This is pdfTeX, Version 3.14159265-2.6-1.40.15 (MiKTeX 2.9) (preloaded format=pdftex 2015.6.16)  11 OCT 2015 19:32
entering extended mode
**chap-19.tex
(chap-19.tex (setup.tex (setup-version.tex) (setup-title.tex) (setup-aux.tex
(setup-cmfont.tex)
\normalleftskip=\skip18
\comleftskip=\skip19
\hcomleftskip=\skip20
\normalparskip=\skip21
\combarht=\dimen16
\fullhsize=\dimen17
\headline=\toks12
\footline=\toks13
\iskip=\skip22
\iiskip=\skip23
\iiiskip=\skip24
\firstcolbox=\box16
\othercolbox=\box17
\tocfile=\write0
\figfile=\write1
\idxfile=\write2
\issfile=\write3
\reffile=\write4
\secfile=\write5
\capno=\count26
\secn=\count27
\ssecn=\count28
\sssecn=\count29
\ssssecn=\count30
\sssssecn=\count31
\ssssssecn=\count32
\comline=\box18
\idxins=\insert252
\leftcolumn=\box19
\dotw=\dimen18
\changedepth=\dimen19
) (setup-document.tex) (setup-tables.tex) (setup-terms.tex)
(setup-figures.tex) (setup-sections.tex) (setup-options.tex)) [-1{C:/Users/vanc
an1ty/AppData/Local/MiKTeX/2.9/pdftex/config/pdftex.map}] [-2]
(concept-filenames.tex [1]) [2] (concept-pathnames.tex [3]
Overfull \hbox (0.99734pt too wide) detected at line 120
[]

\hbox(5.4245+4.0)x4.72495
.\hbox(9.4245+0.0)x5.72229, shifted 4.0
..\mathon
..\hbox(5.79558+0.0)x5.72229, shifted -3.62892
...\hbox(2.77779+0.0)x5.22229, shifted -3.01779 []
..\mathoff


Overfull \hbox (0.99734pt too wide) detected at line 122
[]

\hbox(5.4245+4.0)x4.72495
.\hbox(9.4245+0.0)x5.72229, shifted 4.0
..\mathon
..\hbox(5.79558+0.0)x5.72229, shifted -3.62892
...\hbox(2.77779+0.0)x5.22229, shifted -3.01779 []
..\mathoff


Overfull \hbox (0.99734pt too wide) detected at line 122
[]

\hbox(5.4245+4.0)x4.72495
.\hbox(9.4245+0.0)x5.72229, shifted 4.0
..\mathon
..\hbox(5.79558+0.0)x5.72229, shifted -3.62892
...\hbox(2.77779+0.0)x5.22229, shifted -3.01779 []
..\mathoff

[4] [5] [6] [7] [8] [9] [10]) [11] (concept-logical-pathnames.tex
Underfull \hbox (badness 10000) in alignment at lines 19--19
[][][]

\hbox(0.0+0.0)x480.0
.\glue(\tabskip) 0.0
.\unsetbox(0.0+0.0)x58.00002
.\glue(\tabskip) 0.0
.\unsetbox(0.0+0.0)x84.87234
.\glue(\tabskip) 0.0
.etc.


Underfull \hbox (badness 10000) in alignment at lines 21--21
[][][]

\hbox(0.0+0.0)x480.0
.\glue(\tabskip) 0.0
.\unsetbox(0.0+0.0)x58.00002
.\glue(\tabskip) 0.0
.\unsetbox(0.0+0.0)x31.66698
.\glue(\tabskip) 0.0
.etc.


Underfull \hbox (badness 10000) in alignment at lines 22--22
[][][]

\hbox(0.0+0.0)x480.0
.\glue(\tabskip) 0.0
.\unsetbox(0.0+0.0)x58.00002
.\glue(\tabskip) 0.0
.\unsetbox(0.0+0.0)x50.63924
.\glue(\tabskip) 0.0
.etc.


Underfull \hbox (badness 10000) in alignment at lines 23--23
[][][]

\hbox(0.0+0.0)x480.0
.\glue(\tabskip) 0.0
.\unsetbox(0.0+0.0)x58.00002
.\glue(\tabskip) 0.0
.\unsetbox(0.0+0.0)x36.37228
.\glue(\tabskip) 0.0
.etc.


Underfull \hbox (badness 10000) in alignment at lines 24--24
[][][]

\hbox(0.0+0.0)x480.0
.\glue(\tabskip) 0.0
.\unsetbox(0.0+0.0)x58.00002
.\glue(\tabskip) 0.0
.\unsetbox(0.0+0.0)x31.8445
.\glue(\tabskip) 0.0
.etc.


Underfull \hbox (badness 10000) in alignment at lines 25--25
[][][]

\hbox(0.0+0.0)x480.0
.\glue(\tabskip) 0.0
.\unsetbox(0.0+0.0)x58.00002
.\glue(\tabskip) 0.0
.\unsetbox(0.0+0.0)x42.37231
.\glue(\tabskip) 0.0
.etc.

[12] [13]) [14] (dict-pathnames.tex [15] [16] [17] [18] [19] [20] [21] [22]
Underfull \hbox (badness 10000) in paragraph at lines 638--638
  

\hbox(0.0+0.0)x480.0, glue set 12.0
.\glue(\leftskip) 48.0
.\glue(\rightskip) 0.0 plus 36.0

[23] [24] [25] [26] [27] [28] [29]
Overfull \hbox (12.86449pt too wide) in paragraph at lines 1105--1107
 []\ssiten default-pathname\prmten ---a \bitten path-name des-ig-na-tor\prmten 
. The de-fault is the \bitten value \prmten of $$[].  

\hbox(6.94444+1.94444)x480.0
.\glue(\leftskip) 48.0
.\hbox(0.0+0.0)x0.0
.\ssiten d
.\ssiten e
.\ssiten f
.etc.

[30] [31] [32] [33] [34] [35] [36] [37]
Overfull \hbox (12.86449pt too wide) in paragraph at lines 1774--1777
 []\ssiten default-pathname\prmten ---a \bitten path-name des-ig-na-tor\prmten 
. []The de-fault is the \bitten value \prmten of $$[].  

\hbox(6.94444+1.94444)x480.0
.\glue(\leftskip) 48.0
.\hbox(0.0+0.0)x0.0
.\ssiten d
.\ssiten e
.\ssiten f
.etc.

[38] [39]) [40] )<C:/Program Files (x86)/MiKTeX 2.9/fonts/type1/public/amsfonts
/cm/cmbx10.pfb><C:/Program Files (x86)/MiKTeX 2.9/fonts/type1/public/amsfonts/c
m/cmbx9.pfb><C:/Program Files (x86)/MiKTeX 2.9/fonts/type1/public/amsfonts/cm/c
mbxsl10.pfb><C:/Program Files (x86)/MiKTeX 2.9/fonts/type1/public/amsfonts/cm/c
mmi10.pfb><C:/Program Files (x86)/MiKTeX 2.9/fonts/type1/public/amsfonts/cm/cmm
i7.pfb><C:/Program Files (x86)/MiKTeX 2.9/fonts/type1/public/amsfonts/cm/cmr10.
pfb><C:/Program Files (x86)/MiKTeX 2.9/fonts/type1/public/amsfonts/cm/cmr7.pfb>
<C:/Program Files (x86)/MiKTeX 2.9/fonts/type1/public/amsfonts/cm/cmssi10.pfb><
C:/Program Files (x86)/MiKTeX 2.9/fonts/type1/public/amsfonts/cm/cmsy10.pfb><C:
/Program Files (x86)/MiKTeX 2.9/fonts/type1/public/amsfonts/cm/cmsy5.pfb><C:/Pr
ogram Files (x86)/MiKTeX 2.9/fonts/type1/public/amsfonts/cm/cmti10.pfb><C:/Prog
ram Files (x86)/MiKTeX 2.9/fonts/type1/public/amsfonts/cm/cmtt9.pfb>
Output written on chap-19.pdf (42 pages, 250044 bytes).
PDF statistics:
 186 PDF objects out of 1000 (max. 8388607)
 0 named destinations out of 1000 (max. 500000)
 1 words of extra memory for PDF output out of 10000 (max. 10000000)

