This is pdfTeX, Version 3.1415926-2.5-1.40.14 (TeX Live 2013/Debian) (format=pdftex 2016.7.17)  14 SEP 2016 21:52
entering extended mode
 restricted \write18 enabled.
 %&-line parsing enabled.
**chap-10.tex
(./chap-10.tex (./setup.tex (./setup-version.tex) (./setup-title.tex)
(./setup-aux.tex (./setup-cmfont.tex)
\normalleftskip=\skip18
\comleftskip=\skip19
\hcomleftskip=\skip20
\normalparskip=\skip21
\combarht=\dimen16
\fullhsize=\dimen17
\headline=\toks13
\footline=\toks14
\iskip=\skip22
\iiskip=\skip23
\iiiskip=\skip24
\firstcolbox=\box16
\othercolbox=\box17
\tocfile=\write0
\figfile=\write1
\idxfile=\write2
\issfile=\write3
\reffile=\write4
\secfile=\write5
\capno=\count27
\secn=\count28
\ssecn=\count29
\sssecn=\count30
\ssssecn=\count31
\sssssecn=\count32
\ssssssecn=\count33
\comline=\box18
\idxins=\insert252
\leftcolumn=\box19
\dotw=\dimen18
\changedepth=\dimen19
) (./setup-document.tex)
(./setup-tables.tex) (./setup-terms.tex) (./setup-figures.tex)
(./setup-sections.tex) (./setup-options.tex))
\openout0 = `chap-10.toc'.

\openout1 = `chap-10.fig'.

\openout2 = `chap-10.idx'.

\openout3 = `chap-10.iss'.

\openout4 = `chap-10.ref'.

\openout5 = `chap-10.sec'.

 [-1{/var/lib/texmf/fonts/map/pdftex/updmap/pdftex.map}] [-2] (./concept-symbol
s.tex) [1] (./dict-symbols.tex
[2] [3] [4] [5] [6] [7] [8] [9] [10]
Underfull \hbox (badness 10000) in paragraph at lines 741--741
  

\hbox(0.0+0.0)x480.0, glue set 12.0
.\glue(\leftskip) 48.0
.\glue(\rightskip) 0.0 plus 36.0

[11] [12] [13] [14]
Underfull \hbox (badness 10000) in paragraph at lines 978--978
  

\hbox(0.0+0.0)x480.0, glue set 12.0
.\glue(\leftskip) 48.0
.\glue(\rightskip) 0.0 plus 36.0

[15]
Underfull \hbox (badness 10000) in paragraph at lines 1035--1035
  

\hbox(0.0+0.0)x480.0, glue set 12.0
.\glue(\leftskip) 48.0
.\glue(\rightskip) 0.0 plus 36.0

[16]
Underfull \hbox (badness 10000) in paragraph at lines 1117--1117
  

\hbox(0.0+0.0)x480.0, glue set 12.0
.\glue(\leftskip) 48.0
.\glue(\rightskip) 0.0 plus 36.0

[17] [18] [19] [20] [21] [22]) [23] [24] ){/usr/share/texmf/fonts/enc/dvips/lm/
lm-ec.enc}</usr/share/texlive/texmf-dist/fonts/type1/public/amsfonts/cm/cmr10.p
fb></usr/share/texlive/texmf-dist/fonts/type1/public/amsfonts/cm/cmssi10.pfb></
usr/share/texlive/texmf-dist/fonts/type1/public/amsfonts/cm/cmsy10.pfb></usr/sh
are/texlive/texmf-dist/fonts/type1/public/amsfonts/cm/cmti10.pfb></usr/share/te
xmf/fonts/type1/public/lm/lmbx10.pfb></usr/share/texmf/fonts/type1/public/lm/lm
bx9.pfb></usr/share/texmf/fonts/type1/public/lm/lmr10.pfb></usr/share/texmf/fon
ts/type1/public/lm/lmr7.pfb></usr/share/texmf/fonts/type1/public/lm/lmtt9.pfb>
Output written on chap-10.pdf (26 pages, 234116 bytes).
PDF statistics:
 125 PDF objects out of 1000 (max. 8388607)
 87 compressed objects within 1 object stream
 0 named destinations out of 1000 (max. 500000)
 1 words of extra memory for PDF output out of 10000 (max. 10000000)

