This is pdfTeX, Version 3.14159265-2.6-1.40.15 (MiKTeX 2.9) (preloaded format=pdftex 2015.6.16)  11 OCT 2015 19:32
entering extended mode
**chap-9.tex
(chap-9.tex (setup.tex (setup-version.tex) (setup-title.tex) (setup-aux.tex
(setup-cmfont.tex)
\normalleftskip=\skip18
\comleftskip=\skip19
\hcomleftskip=\skip20
\normalparskip=\skip21
\combarht=\dimen16
\fullhsize=\dimen17
\headline=\toks12
\footline=\toks13
\iskip=\skip22
\iiskip=\skip23
\iiiskip=\skip24
\firstcolbox=\box16
\othercolbox=\box17
\tocfile=\write0
\figfile=\write1
\idxfile=\write2
\issfile=\write3
\reffile=\write4
\secfile=\write5
\capno=\count26
\secn=\count27
\ssecn=\count28
\sssecn=\count29
\ssssecn=\count30
\sssssecn=\count31
\ssssssecn=\count32
\comline=\box18
\idxins=\insert252
\leftcolumn=\box19
\dotw=\dimen18
\changedepth=\dimen19
) (setup-document.tex) (setup-tables.tex) (setup-terms.tex)
(setup-figures.tex) (setup-sections.tex) (setup-options.tex)) [-1{C:/Users/vanc
an1ty/AppData/Local/MiKTeX/2.9/pdftex/config/pdftex.map}] [-2]
(concept-conditions.tex [1] [2] [3] [4] [5] [6] [7] [8] [9]) [10]
(dict-conditions.tex [11] [12] [13] [14] [15] [16] [17] [18] [19] [20] [21]
[22] [23] [24] [25] [26] [27]
Underfull \hbox (badness 1365) in paragraph at lines 1223--1223
 []\prbeighteen simple-condition-format-control, simple- 

\hbox(12.0+3.36)x480.0, glue set 2.39235
.\glue(\leftskip) 48.0
.\hbox(0.0+0.0)x0.0
.\prbeighteen s
.\prbeighteen i
.\prbeighteen m
.etc.

[28] [29] [30] [31] [32] [33] [34] [35] [36]
Underfull \hbox (badness 10000) in alignment at lines 1761--1761
[][][]

\hbox(0.0+0.0)x480.0
.\glue(\tabskip) 0.0
.\unsetbox(0.0+0.0)x58.00002
.\glue(\tabskip) 0.0
.\unsetbox(0.0+0.0)x44.86142
.\glue(\tabskip) 0.0
.etc.

[37]
Underfull \hbox (badness 10000) in alignment at lines 1874--1874
[][][]

\hbox(0.0+0.0)x480.0
.\glue(\tabskip) 0.0
.\unsetbox(0.0+0.0)x58.00002
.\glue(\tabskip) 0.0
.\unsetbox(0.0+0.0)x39.09448
.\glue(\tabskip) 0.0
.etc.


Underfull \hbox (badness 10000) in alignment at lines 1876--1876
[][][]

\hbox(0.0+0.0)x480.0
.\glue(\tabskip) 0.0
.\unsetbox(0.0+0.0)x58.00002
.\glue(\tabskip) 0.0
.\unsetbox(0.0+0.0)x61.84454
.\glue(\tabskip) 0.0
.etc.


Underfull \hbox (badness 10000) in alignment at lines 1878--1878
[][][]

\hbox(0.0+0.0)x480.0
.\glue(\tabskip) 0.0
.\unsetbox(0.0+0.0)x58.00002
.\glue(\tabskip) 0.0
.\unsetbox(0.0+0.0)x75.34456
.\glue(\tabskip) 0.0
.etc.

[38] [39] [40] [41]
Underfull \hbox (badness 10000) in alignment at lines 2143--2143
[][][]

\hbox(0.0+0.0)x480.0
.\glue(\tabskip) 0.0
.\unsetbox(0.0+0.0)x58.00002
.\glue(\tabskip) 0.0
.\unsetbox(0.0+0.0)x50.50027
.\glue(\tabskip) 0.0
.etc.


Underfull \hbox (badness 10000) in alignment at lines 2152--2152
[][][]

\hbox(0.0+0.0)x480.0
.\glue(\tabskip) 0.0
.\unsetbox(0.0+0.0)x58.00002
.\glue(\tabskip) 0.0
.\unsetbox(0.0+0.0)x58.0112
.\glue(\tabskip) 0.0
.etc.


Underfull \hbox (badness 10000) in alignment at lines 2156--2156
[][][]

\hbox(0.0+0.0)x480.0
.\glue(\tabskip) 0.0
.\unsetbox(0.0+0.0)x58.00002
.\glue(\tabskip) 0.0
.\unsetbox(0.0+0.0)x39.84453
.\glue(\tabskip) 0.0
.etc.


Underfull \hbox (badness 10000) in alignment at lines 2157--2157
[][][]

\hbox(0.0+0.0)x480.0
.\glue(\tabskip) 0.0
.\unsetbox(0.0+0.0)x58.00002
.\glue(\tabskip) 0.0
.\unsetbox(0.0+0.0)x73.70566
.\glue(\tabskip) 0.0
.etc.

[42]
Underfull \hbox (badness 10000) in alignment at lines 2158--2158
[][][]

\hbox(0.0+0.0)x480.0
.\glue(\tabskip) 0.0
.\unsetbox(0.0+0.0)x58.00002
.\glue(\tabskip) 0.0
.\unsetbox(0.0+0.0)x75.45567
.\glue(\tabskip) 0.0
.etc.


Underfull \hbox (badness 10000) in alignment at lines 2159--2159
[][][]

\hbox(0.0+0.0)x480.0
.\glue(\tabskip) 0.0
.\unsetbox(0.0+0.0)x58.00002
.\glue(\tabskip) 0.0
.\unsetbox(0.0+0.0)x64.76123
.\glue(\tabskip) 0.0
.etc.

[43] [44] [45]
Underfull \hbox (badness 1590) in paragraph at lines 2446--2450
 []\prmten The new type has slots $$[] and $$[], so $$[] ac-cepts 

\hbox(6.94444+2.0)x480.0, glue set 2.5185
.\glue(\leftskip) 48.0
.\hbox(0.0+0.0)x0.0
.\prmten T
.\prmten h
.\prmten e
.etc.

[46]
Underfull \hbox (badness 2126) in paragraph at lines 2485--2488
 []\prmten Note that since no $$[] clause was given, the in-for-ma-tion in-her-
ited from 

\hbox(6.94444+2.0)x480.0, glue set 2.77184
.\glue(\leftskip) 48.0
.\hbox(0.0+0.0)x0.0
.\prmten N
.\prmten o
.\prmten t
.etc.

[47] [48] [49] [50] [51] [52] [53]
Underfull \hbox (badness 10000) in alignment at lines 2976--2976
[][][]

\hbox(0.0+0.0)x480.0
.\glue(\tabskip) 0.0
.\unsetbox(0.0+0.0)x58.00002
.\glue(\tabskip) 0.0
.\unsetbox(0.0+0.0)x62.33371
.\glue(\tabskip) 0.0
.etc.

[54]
Underfull \hbox (badness 2197) in paragraph at lines 3034--3037
 []\prmten In the case of in-ter-ac-tive in-vo-ca-tion, the re-sult is de-pen-d
ent on the value of 

\hbox(6.94444+1.94444)x480.0, glue set 2.804
.\glue(\leftskip) 48.0
.\hbox(0.0+0.0)x0.0
.\prmten I
.\prmten n
.\glue 3.33333
.etc.

[55]
Underfull \hbox (badness 10000) in alignment at lines 3146--3146
[][][]

\hbox(0.0+0.0)x480.0
.\glue(\tabskip) 0.0
.\unsetbox(0.0+0.0)x58.00002
.\glue(\tabskip) 0.0
.\unsetbox(0.0+0.0)x39.09448
.\glue(\tabskip) 0.0
.etc.

[56] [57] [58] [59] [60] [61] [62] [63]
Overfull \hbox (0.99734pt too wide) detected at line 3604
[]

\hbox(5.4245+4.0)x4.72495
.\hbox(9.4245+0.0)x5.72229, shifted 4.0
..\mathon
..\hbox(5.79558+0.0)x5.72229, shifted -3.62892
...\hbox(2.77779+0.0)x5.22229, shifted -3.01779 []
..\mathoff


Overfull \hbox (0.99734pt too wide) detected at line 3619
[]

\hbox(5.4245+4.0)x4.72495
.\hbox(9.4245+0.0)x5.72229, shifted 4.0
..\mathon
..\hbox(5.79558+0.0)x5.72229, shifted -3.62892
...\hbox(2.77779+0.0)x5.22229, shifted -3.01779 []
..\mathoff

[64] [65] [66] [67] [68] [69] [70] [71]) [72] )<C:/Program Files (x86)/MiKTeX 2
.9/fonts/type1/public/amsfonts/cm/cmbx10.pfb><C:/Program Files (x86)/MiKTeX 2.9
/fonts/type1/public/amsfonts/cm/cmbx9.pfb><C:/Program Files (x86)/MiKTeX 2.9/fo
nts/type1/public/amsfonts/cm/cmbxsl10.pfb><C:/Program Files (x86)/MiKTeX 2.9/fo
nts/type1/public/amsfonts/cm/cmmi10.pfb><C:/Program Files (x86)/MiKTeX 2.9/font
s/type1/public/amsfonts/cm/cmr10.pfb><C:/Program Files (x86)/MiKTeX 2.9/fonts/t
ype1/public/amsfonts/cm/cmr7.pfb><C:/Program Files (x86)/MiKTeX 2.9/fonts/type1
/public/amsfonts/cm/cmssi10.pfb><C:/Program Files (x86)/MiKTeX 2.9/fonts/type1/
public/amsfonts/cm/cmsy10.pfb><C:/Program Files (x86)/MiKTeX 2.9/fonts/type1/pu
blic/amsfonts/cm/cmsy5.pfb><C:/Program Files (x86)/MiKTeX 2.9/fonts/type1/publi
c/amsfonts/cm/cmti10.pfb><C:/Program Files (x86)/MiKTeX 2.9/fonts/type1/public/
amsfonts/cm/cmtt9.pfb>
Output written on chap-9.pdf (74 pages, 319242 bytes).
PDF statistics:
 285 PDF objects out of 1000 (max. 8388607)
 0 named destinations out of 1000 (max. 500000)
 1 words of extra memory for PDF output out of 10000 (max. 10000000)

