This is pdfTeX, Version 3.14159265-2.6-1.40.15 (MiKTeX 2.9) (preloaded format=pdftex 2015.6.16)  11 OCT 2015 19:32
entering extended mode
**chap-2.tex
(chap-2.tex (setup.tex (setup-version.tex) (setup-title.tex) (setup-aux.tex
(setup-cmfont.tex)
\normalleftskip=\skip18
\comleftskip=\skip19
\hcomleftskip=\skip20
\normalparskip=\skip21
\combarht=\dimen16
\fullhsize=\dimen17
\headline=\toks12
\footline=\toks13
\iskip=\skip22
\iiskip=\skip23
\iiiskip=\skip24
\firstcolbox=\box16
\othercolbox=\box17
\tocfile=\write0
\figfile=\write1
\idxfile=\write2
\issfile=\write3
\reffile=\write4
\secfile=\write5
\capno=\count26
\secn=\count27
\ssecn=\count28
\sssecn=\count29
\ssssecn=\count30
\sssssecn=\count31
\ssssssecn=\count32
\comline=\box18
\idxins=\insert252
\leftcolumn=\box19
\dotw=\dimen18
\changedepth=\dimen19
) (setup-document.tex) (setup-tables.tex) (setup-terms.tex)
(setup-figures.tex) (setup-sections.tex) (setup-options.tex)) [-1{C:/Users/vanc
an1ty/AppData/Local/MiKTeX/2.9/pdftex/config/pdftex.map}] [-2]
(concept-syntax.tex [1] [2]
Overfull \hbox (0.99734pt too wide) detected at line 220
[]

\hbox(5.4245+4.0)x4.72495
.\hbox(9.4245+0.0)x5.72229, shifted 4.0
..\mathon
..\hbox(5.79558+0.0)x5.72229, shifted -3.62892
...\hbox(2.77779+0.0)x5.22229, shifted -3.01779 []
..\mathoff

[3] [4]
Overfull \hbox (0.99734pt too wide) detected at line 302
[]

\hbox(5.4245+4.0)x4.72495
.\hbox(9.4245+0.0)x5.72229, shifted 4.0
..\mathon
..\hbox(5.79558+0.0)x5.72229, shifted -3.62892
...\hbox(2.77779+0.0)x5.22229, shifted -3.01779 []
..\mathoff

[5]
Overfull \hbox (0.99734pt too wide) detected at line 429
[]

\hbox(5.4245+4.0)x4.72495
.\hbox(9.4245+0.0)x5.72229, shifted 4.0
..\mathon
..\hbox(5.79558+0.0)x5.72229, shifted -3.62892
...\hbox(2.77779+0.0)x5.22229, shifted -3.01779 []
..\mathoff

[6] [7] [8] [9]) [10] (concept-reader-algorithm.tex [11] [12]) [13]
(concept-tokens.tex
Overfull \hbox (0.99734pt too wide) detected at line 83
[]

\hbox(5.4245+4.0)x4.72495
.\hbox(9.4245+0.0)x5.72229, shifted 4.0
..\mathon
..\hbox(5.79558+0.0)x5.72229, shifted -3.62892
...\hbox(2.77779+0.0)x5.22229, shifted -3.01779 []
..\mathoff


Overfull \hbox (0.99734pt too wide) detected at line 110
[]

\hbox(5.4245+4.0)x4.72495
.\hbox(9.4245+0.0)x5.72229, shifted 4.0
..\mathon
..\hbox(5.79558+0.0)x5.72229, shifted -3.62892
...\hbox(2.77779+0.0)x5.22229, shifted -3.01779 []
..\mathoff

[14]
Overfull \hbox (0.99734pt too wide) detected at line 179
[]

\hbox(5.4245+4.0)x4.72495
.\hbox(9.4245+0.0)x5.72229, shifted 4.0
..\mathon
..\hbox(5.79558+0.0)x5.72229, shifted -3.62892
...\hbox(2.77779+0.0)x5.22229, shifted -3.01779 []
..\mathoff


Overfull \hbox (0.99734pt too wide) detected at line 179
[]

\hbox(5.4245+4.0)x4.72495
.\hbox(9.4245+0.0)x5.72229, shifted 4.0
..\mathon
..\hbox(5.79558+0.0)x5.72229, shifted -3.62892
...\hbox(2.77779+0.0)x5.22229, shifted -3.01779 []
..\mathoff


Overfull \hbox (0.99734pt too wide) detected at line 179
[]

\hbox(5.4245+4.0)x4.72495
.\hbox(9.4245+0.0)x5.72229, shifted 4.0
..\mathon
..\hbox(5.79558+0.0)x5.72229, shifted -3.62892
...\hbox(2.77779+0.0)x5.22229, shifted -3.01779 []
..\mathoff


Overfull \hbox (0.99734pt too wide) detected at line 179
[]

\hbox(5.4245+4.0)x4.72495
.\hbox(9.4245+0.0)x5.72229, shifted 4.0
..\mathon
..\hbox(5.79558+0.0)x5.72229, shifted -3.62892
...\hbox(2.77779+0.0)x5.22229, shifted -3.01779 []
..\mathoff


Overfull \hbox (0.99734pt too wide) detected at line 188
[]

\hbox(5.4245+4.0)x4.72495
.\hbox(9.4245+0.0)x5.72229, shifted 4.0
..\mathon
..\hbox(5.79558+0.0)x5.72229, shifted -3.62892
...\hbox(2.77779+0.0)x5.22229, shifted -3.01779 []
..\mathoff


Overfull \hbox (0.99734pt too wide) detected at line 188
[]

\hbox(5.4245+4.0)x4.72495
.\hbox(9.4245+0.0)x5.72229, shifted 4.0
..\mathon
..\hbox(5.79558+0.0)x5.72229, shifted -3.62892
...\hbox(2.77779+0.0)x5.22229, shifted -3.01779 []
..\mathoff


Overfull \hbox (0.99734pt too wide) detected at line 196
[]

\hbox(5.4245+4.0)x4.72495
.\hbox(9.4245+0.0)x5.72229, shifted 4.0
..\mathon
..\hbox(5.79558+0.0)x5.72229, shifted -3.62892
...\hbox(2.77779+0.0)x5.22229, shifted -3.01779 []
..\mathoff

[15] [16] [17] [18]
Overfull \hbox (0.99734pt too wide) detected at line 459
[]

\hbox(5.4245+4.0)x4.72495
.\hbox(9.4245+0.0)x5.72229, shifted 4.0
..\mathon
..\hbox(5.79558+0.0)x5.72229, shifted -3.62892
...\hbox(2.77779+0.0)x5.22229, shifted -3.01779 []
..\mathoff


Overfull \hbox (0.99734pt too wide) detected at line 459
[]

\hbox(5.4245+4.0)x4.72495
.\hbox(9.4245+0.0)x5.72229, shifted 4.0
..\mathon
..\hbox(5.79558+0.0)x5.72229, shifted -3.62892
...\hbox(2.77779+0.0)x5.22229, shifted -3.01779 []
..\mathoff


Overfull \hbox (0.99734pt too wide) detected at line 459
[]

\hbox(5.4245+4.0)x4.72495
.\hbox(9.4245+0.0)x5.72229, shifted 4.0
..\mathon
..\hbox(5.79558+0.0)x5.72229, shifted -3.62892
...\hbox(2.77779+0.0)x5.22229, shifted -3.01779 []
..\mathoff


Overfull \hbox (0.99734pt too wide) detected at line 459
[]

\hbox(5.4245+4.0)x4.72495
.\hbox(9.4245+0.0)x5.72229, shifted 4.0
..\mathon
..\hbox(5.79558+0.0)x5.72229, shifted -3.62892
...\hbox(2.77779+0.0)x5.22229, shifted -3.01779 []
..\mathoff


Overfull \hbox (0.99734pt too wide) detected at line 459
[]

\hbox(5.4245+4.0)x4.72495
.\hbox(9.4245+0.0)x5.72229, shifted 4.0
..\mathon
..\hbox(5.79558+0.0)x5.72229, shifted -3.62892
...\hbox(2.77779+0.0)x5.22229, shifted -3.01779 []
..\mathoff


Overfull \hbox (0.99734pt too wide) detected at line 459
[]

\hbox(5.4245+4.0)x4.72495
.\hbox(9.4245+0.0)x5.72229, shifted 4.0
..\mathon
..\hbox(5.79558+0.0)x5.72229, shifted -3.62892
...\hbox(2.77779+0.0)x5.22229, shifted -3.01779 []
..\mathoff


Overfull \hbox (0.99734pt too wide) detected at line 459
[]

\hbox(5.4245+4.0)x4.72495
.\hbox(9.4245+0.0)x5.72229, shifted 4.0
..\mathon
..\hbox(5.79558+0.0)x5.72229, shifted -3.62892
...\hbox(2.77779+0.0)x5.22229, shifted -3.01779 []
..\mathoff


Overfull \hbox (0.99734pt too wide) detected at line 459
[]

\hbox(5.4245+4.0)x4.72495
.\hbox(9.4245+0.0)x5.72229, shifted 4.0
..\mathon
..\hbox(5.79558+0.0)x5.72229, shifted -3.62892
...\hbox(2.77779+0.0)x5.22229, shifted -3.01779 []
..\mathoff


Overfull \hbox (0.99734pt too wide) detected at line 459
[]

\hbox(5.4245+4.0)x4.72495
.\hbox(9.4245+0.0)x5.72229, shifted 4.0
..\mathon
..\hbox(5.79558+0.0)x5.72229, shifted -3.62892
...\hbox(2.77779+0.0)x5.22229, shifted -3.01779 []
..\mathoff


Overfull \hbox (0.99734pt too wide) detected at line 459
[]

\hbox(5.4245+4.0)x4.72495
.\hbox(9.4245+0.0)x5.72229, shifted 4.0
..\mathon
..\hbox(5.79558+0.0)x5.72229, shifted -3.62892
...\hbox(2.77779+0.0)x5.22229, shifted -3.01779 []
..\mathoff

[19] [20] [21]) [22] (concept-macro-chars.tex [23] [24] [25] [26]
Overfull \hbox (0.31937pt too wide) in paragraph at lines 390--393
 []$$[] \prmten may be in-ter-preted to mean $$[].  

\hbox(6.94444+2.0)x480.0
.\glue(\leftskip) 84.0
.\hbox(4.44444+0.0)x0.0, glue set 12.99998fil
..\glue -18.0
..\mathon
..\syten 
..\mathoff
..\glue 0.0 plus 1.0fil minus 1.0fil
.\penalty 20000
.\mathon
.\mathoff
.etc.

[27] [28]
Overfull \hbox (0.99734pt too wide) detected at line 602
[]

\hbox(5.4245+4.0)x4.72495
.\hbox(9.4245+0.0)x5.72229, shifted 4.0
..\mathon
..\hbox(5.79558+0.0)x5.72229, shifted -3.62892
...\hbox(2.77779+0.0)x5.22229, shifted -3.01779 []
..\mathoff

[29] [30] [31] [32] [33] [34] [35] [36] [37] [38] [39]) [40] )<C:/Program Files
 (x86)/MiKTeX 2.9/fonts/type1/public/amsfonts/cm/cmbx10.pfb><C:/Program Files (
x86)/MiKTeX 2.9/fonts/type1/public/amsfonts/cm/cmbx9.pfb><C:/Program Files (x86
)/MiKTeX 2.9/fonts/type1/public/amsfonts/cm/cmbxsl10.pfb><C:/Program Files (x86
)/MiKTeX 2.9/fonts/type1/public/amsfonts/cm/cmmi10.pfb><C:/Program Files (x86)/
MiKTeX 2.9/fonts/type1/public/amsfonts/cm/cmr10.pfb><C:/Program Files (x86)/MiK
TeX 2.9/fonts/type1/public/amsfonts/cm/cmr7.pfb><C:/Program Files (x86)/MiKTeX 
2.9/fonts/type1/public/amsfonts/cm/cmssi10.pfb><C:/Program Files (x86)/MiKTeX 2
.9/fonts/type1/public/amsfonts/cm/cmsy10.pfb><C:/Program Files (x86)/MiKTeX 2.9
/fonts/type1/public/amsfonts/cm/cmsy5.pfb><C:/Program Files (x86)/MiKTeX 2.9/fo
nts/type1/public/amsfonts/cm/cmti10.pfb><C:/Program Files (x86)/MiKTeX 2.9/font
s/type1/public/amsfonts/cm/cmtt9.pfb>
Output written on chap-2.pdf (42 pages, 264738 bytes).
PDF statistics:
 182 PDF objects out of 1000 (max. 8388607)
 0 named destinations out of 1000 (max. 500000)
 1 words of extra memory for PDF output out of 10000 (max. 10000000)

