This is pdfTeX, Version 3.1415926-2.5-1.40.14 (TeX Live 2013/Debian) (format=pdftex 2016.7.17)  14 SEP 2016 21:52
entering extended mode
 restricted \write18 enabled.
 %&-line parsing enabled.
**chap-13.tex
(./chap-13.tex (./setup.tex (./setup-version.tex) (./setup-title.tex)
(./setup-aux.tex (./setup-cmfont.tex)
\normalleftskip=\skip18
\comleftskip=\skip19
\hcomleftskip=\skip20
\normalparskip=\skip21
\combarht=\dimen16
\fullhsize=\dimen17
\headline=\toks13
\footline=\toks14
\iskip=\skip22
\iiskip=\skip23
\iiiskip=\skip24
\firstcolbox=\box16
\othercolbox=\box17
\tocfile=\write0
\figfile=\write1
\idxfile=\write2
\issfile=\write3
\reffile=\write4
\secfile=\write5
\capno=\count27
\secn=\count28
\ssecn=\count29
\sssecn=\count30
\ssssecn=\count31
\sssssecn=\count32
\ssssssecn=\count33
\comline=\box18
\idxins=\insert252
\leftcolumn=\box19
\dotw=\dimen18
\changedepth=\dimen19
) (./setup-document.tex)
(./setup-tables.tex) (./setup-terms.tex) (./setup-figures.tex)
(./setup-sections.tex) (./setup-options.tex))
\openout0 = `chap-13.toc'.

\openout1 = `chap-13.fig'.

\openout2 = `chap-13.idx'.

\openout3 = `chap-13.iss'.

\openout4 = `chap-13.ref'.

\openout5 = `chap-13.sec'.

 [-1{/var/lib/texmf/fonts/map/pdftex/updmap/pdftex.map}] [-2] (./concept-charac
ters.tex [1] [2] [3] [4] [5]
[6]) [7] (./dict-characters.tex [8] [9] [10] [11] [12] [13] [14] [15] [16]
[17] [18] [19] [20] [21] [22] [23] [24]) [25] [26] ){/usr/share/texmf/fonts/enc
/dvips/lm/lm-ec.enc}</usr/share/texlive/texmf-dist/fonts/type1/public/amsfonts/
cm/cmbxsl10.pfb></usr/share/texlive/texmf-dist/fonts/type1/public/amsfonts/cm/c
mmi10.pfb></usr/share/texlive/texmf-dist/fonts/type1/public/amsfonts/cm/cmmi7.p
fb></usr/share/texlive/texmf-dist/fonts/type1/public/amsfonts/cm/cmr10.pfb></us
r/share/texlive/texmf-dist/fonts/type1/public/amsfonts/cm/cmssi10.pfb></usr/sha
re/texlive/texmf-dist/fonts/type1/public/amsfonts/cm/cmsy10.pfb></usr/share/tex
live/texmf-dist/fonts/type1/public/amsfonts/cm/cmti10.pfb></usr/share/texlive/t
exmf-dist/fonts/type1/public/amsfonts/cm/cmtt10.pfb></usr/share/texmf/fonts/typ
e1/public/lm/lmbx10.pfb></usr/share/texmf/fonts/type1/public/lm/lmbx9.pfb></usr
/share/texmf/fonts/type1/public/lm/lmr10.pfb></usr/share/texmf/fonts/type1/publ
ic/lm/lmr7.pfb></usr/share/texmf/fonts/type1/public/lm/lmtt9.pfb>
Output written on chap-13.pdf (28 pages, 274178 bytes).
PDF statistics:
 148 PDF objects out of 1000 (max. 8388607)
 103 compressed objects within 2 object streams
 0 named destinations out of 1000 (max. 500000)
 1 words of extra memory for PDF output out of 10000 (max. 10000000)

