This is pdfTeX, Version 3.1415926-2.5-1.40.14 (TeX Live 2013/Debian) (format=pdftex 2016.7.17)  14 SEP 2016 21:52
entering extended mode
 restricted \write18 enabled.
 %&-line parsing enabled.
**chap-6.tex
(./chap-6.tex (./setup.tex (./setup-version.tex) (./setup-title.tex)
(./setup-aux.tex (./setup-cmfont.tex)
\normalleftskip=\skip18
\comleftskip=\skip19
\hcomleftskip=\skip20
\normalparskip=\skip21
\combarht=\dimen16
\fullhsize=\dimen17
\headline=\toks13
\footline=\toks14
\iskip=\skip22
\iiskip=\skip23
\iiiskip=\skip24
\firstcolbox=\box16
\othercolbox=\box17
\tocfile=\write0
\figfile=\write1
\idxfile=\write2
\issfile=\write3
\reffile=\write4
\secfile=\write5
\capno=\count27
\secn=\count28
\ssecn=\count29
\sssecn=\count30
\ssssecn=\count31
\sssssecn=\count32
\ssssssecn=\count33
\comline=\box18
\idxins=\insert252
\leftcolumn=\box19
\dotw=\dimen18
\changedepth=\dimen19
) (./setup-document.tex)
(./setup-tables.tex) (./setup-terms.tex) (./setup-figures.tex)
(./setup-sections.tex) (./setup-options.tex))
\openout0 = `chap-6.toc'.

\openout1 = `chap-6.fig'.

\openout2 = `chap-6.idx'.

\openout3 = `chap-6.iss'.

\openout4 = `chap-6.ref'.

\openout5 = `chap-6.sec'.

 [-1{/var/lib/texmf/fonts/map/pdftex/updmap/pdftex.map}] [-2] (./concept-loop.t
ex [1] [2] [3] [4] [5] [6]
[7] [8] [9] [10] [11] [12] [13] [14] [15] [16] [17] [18] [19] [20] [21]
[22] [23] [24] [25] [26] [27] [28] [29]) [30] (./dict-iteration.tex [31]
[32] [33] [34] [35] [36] [37]
Underfull \hbox (badness 10000) in alignment at lines 598--598
[][][]

\hbox(0.0+0.0)x480.0
.\glue(\tabskip) 0.0
.\unsetbox(0.0+0.0)x58.00002
.\glue(\tabskip) 0.0
.\unsetbox(0.0+0.0)x64.78914
.\glue(\tabskip) 0.0
.etc.


Underfull \hbox (badness 10000) in alignment at lines 599--599
[][][]

\hbox(0.0+0.0)x480.0
.\glue(\tabskip) 0.0
.\unsetbox(0.0+0.0)x58.00002
.\glue(\tabskip) 0.0
.\unsetbox(0.0+0.0)x74.17805
.\glue(\tabskip) 0.0
.etc.


Underfull \hbox (badness 10000) in alignment at lines 603--603
[][][]

\hbox(0.0+0.0)x480.0
.\glue(\tabskip) 0.0
.\unsetbox(0.0+0.0)x58.00002
.\glue(\tabskip) 0.0
.\unsetbox(0.0+0.0)x60.42802
.\glue(\tabskip) 0.0
.etc.


Underfull \hbox (badness 10000) in alignment at lines 609--609
[][][]

\hbox(0.0+0.0)x480.0
.\glue(\tabskip) 0.0
.\unsetbox(0.0+0.0)x58.00002
.\glue(\tabskip) 0.0
.\unsetbox(0.0+0.0)x62.73358
.\glue(\tabskip) 0.0
.etc.


Underfull \hbox (badness 10000) in alignment at lines 611--611
[][][]

\hbox(0.0+0.0)x480.0
.\glue(\tabskip) 0.0
.\unsetbox(0.0+0.0)x58.00002
.\glue(\tabskip) 0.0
.\unsetbox(0.0+0.0)x58.4763
.\glue(\tabskip) 0.0
.etc.


Underfull \hbox (badness 10000) in alignment at lines 614--614
[][][]

\hbox(0.0+0.0)x480.0
.\glue(\tabskip) 0.0
.\unsetbox(0.0+0.0)x58.00002
.\glue(\tabskip) 0.0
.\unsetbox(0.0+0.0)x70.143
.\glue(\tabskip) 0.0
.etc.


Underfull \hbox (badness 10000) in alignment at lines 615--615
[][][]

\hbox(0.0+0.0)x480.0
.\glue(\tabskip) 0.0
.\unsetbox(0.0+0.0)x58.00002
.\glue(\tabskip) 0.0
.\unsetbox(0.0+0.0)x68.84474
.\glue(\tabskip) 0.0
.etc.


Underfull \hbox (badness 10000) in alignment at lines 620--620
[][][]

\hbox(0.0+0.0)x480.0
.\glue(\tabskip) 0.0
.\unsetbox(0.0+0.0)x58.00002
.\glue(\tabskip) 0.0
.\unsetbox(0.0+0.0)x84.40028
.\glue(\tabskip) 0.0
.etc.


Underfull \hbox (badness 10000) in alignment at lines 626--626
[][][]

\hbox(0.0+0.0)x480.0
.\glue(\tabskip) 0.0
.\unsetbox(0.0+0.0)x58.00002
.\glue(\tabskip) 0.0
.\unsetbox(0.0+0.0)x105.15033
.\glue(\tabskip) 0.0
.etc.


Underfull \hbox (badness 10000) in alignment at lines 632--632
[][][]

\hbox(0.0+0.0)x480.0
.\glue(\tabskip) 0.0
.\unsetbox(0.0+0.0)x58.00002
.\glue(\tabskip) 0.0
.\unsetbox(0.0+0.0)x59.80966
.\glue(\tabskip) 0.0
.etc.

[38]
Underfull \hbox (badness 10000) in alignment at lines 637--637
[][][]

\hbox(0.0+0.0)x480.0
.\glue(\tabskip) 0.0
.\unsetbox(0.0+0.0)x58.00002
.\glue(\tabskip) 0.0
.\unsetbox(0.0+0.0)x82.40022
.\glue(\tabskip) 0.0
.etc.


Overfull \hbox (2.60612pt too wide) in alignment at lines 644--644
[][][]

\hbox(0.0+0.0)x480.0
.\glue(\tabskip) 0.0
.\unsetbox(0.0+0.0)x58.00002
.\glue(\tabskip) 0.0
.\unsetbox(0.0+0.0)x80.83388
.\glue(\tabskip) 0.0
.etc.


Underfull \hbox (badness 10000) in alignment at lines 647--647
[][][]

\hbox(0.0+0.0)x480.0
.\glue(\tabskip) 0.0
.\unsetbox(0.0+0.0)x58.00002
.\glue(\tabskip) 0.0
.\unsetbox(0.0+0.0)x65.59471
.\glue(\tabskip) 0.0
.etc.


Underfull \hbox (badness 10000) in alignment at lines 655--655
[][][]

\hbox(0.0+0.0)x480.0
.\glue(\tabskip) 0.0
.\unsetbox(0.0+0.0)x58.00002
.\glue(\tabskip) 0.0
.\unsetbox(0.0+0.0)x80.03917
.\glue(\tabskip) 0.0
.etc.


Underfull \hbox (badness 10000) in alignment at lines 657--657
[][][]

\hbox(0.0+0.0)x480.0
.\glue(\tabskip) 0.0
.\unsetbox(0.0+0.0)x58.00002
.\glue(\tabskip) 0.0
.\unsetbox(0.0+0.0)x82.61165
.\glue(\tabskip) 0.0
.etc.


Underfull \hbox (badness 10000) in alignment at lines 659--659
[][][]

\hbox(0.0+0.0)x480.0
.\glue(\tabskip) 0.0
.\unsetbox(0.0+0.0)x58.00002
.\glue(\tabskip) 0.0
.\unsetbox(0.0+0.0)x125.31699
.\glue(\tabskip) 0.0
.etc.


Underfull \hbox (badness 10000) in alignment at lines 663--663
[][][]

\hbox(0.0+0.0)x480.0
.\glue(\tabskip) 0.0
.\unsetbox(0.0+0.0)x58.00002
.\glue(\tabskip) 0.0
.\unsetbox(0.0+0.0)x69.33371
.\glue(\tabskip) 0.0
.etc.


Underfull \hbox (badness 10000) in alignment at lines 667--667
[][][]

\hbox(0.0+0.0)x480.0
.\glue(\tabskip) 0.0
.\unsetbox(0.0+0.0)x58.00002
.\glue(\tabskip) 0.0
.\unsetbox(0.0+0.0)x89.77272
.\glue(\tabskip) 0.0
.etc.


Underfull \hbox (badness 10000) in alignment at lines 671--671
[][][]

\hbox(0.0+0.0)x480.0
.\glue(\tabskip) 0.0
.\unsetbox(0.0+0.0)x58.00002
.\glue(\tabskip) 0.0
.\unsetbox(0.0+0.0)x100.09482
.\glue(\tabskip) 0.0
.etc.


Underfull \hbox (badness 10000) in alignment at lines 674--674
[][][]

\hbox(0.0+0.0)x480.0
.\glue(\tabskip) 0.0
.\unsetbox(0.0+0.0)x58.00002
.\glue(\tabskip) 0.0
.\unsetbox(0.0+0.0)x63.66718
.\glue(\tabskip) 0.0
.etc.


Underfull \hbox (badness 10000) in alignment at lines 677--677
[][][]

\hbox(0.0+0.0)x480.0
.\glue(\tabskip) 0.0
.\unsetbox(0.0+0.0)x58.00002
.\glue(\tabskip) 0.0
.\unsetbox(0.0+0.0)x66.2783
.\glue(\tabskip) 0.0
.etc.


Underfull \hbox (badness 10000) in alignment at lines 680--680
[][][]

\hbox(0.0+0.0)x480.0
.\glue(\tabskip) 0.0
.\unsetbox(0.0+0.0)x58.00002
.\glue(\tabskip) 0.0
.\unsetbox(0.0+0.0)x87.53918
.\glue(\tabskip) 0.0
.etc.


Underfull \hbox (badness 10000) in alignment at lines 683--683
[][][]

\hbox(0.0+0.0)x480.0
.\glue(\tabskip) 0.0
.\unsetbox(0.0+0.0)x58.00002
.\glue(\tabskip) 0.0
.\unsetbox(0.0+0.0)x65.94499
.\glue(\tabskip) 0.0
.etc.


Underfull \hbox (badness 10000) in alignment at lines 692--692
[][][]

\hbox(0.0+0.0)x480.0
.\glue(\tabskip) 0.0
.\unsetbox(0.0+0.0)x58.00002
.\glue(\tabskip) 0.0
.\unsetbox(0.0+0.0)x58.98363
.\glue(\tabskip) 0.0
.etc.


Underfull \hbox (badness 10000) in alignment at lines 699--699
[][][]

\hbox(0.0+0.0)x480.0
.\glue(\tabskip) 0.0
.\unsetbox(0.0+0.0)x58.00002
.\glue(\tabskip) 0.0
.\unsetbox(0.0+0.0)x73.78922
.\glue(\tabskip) 0.0
.etc.

[39]
Underfull \hbox (badness 10000) in alignment at lines 700--700
[][][]

\hbox(0.0+0.0)x480.0
.\glue(\tabskip) 0.0
.\unsetbox(0.0+0.0)x58.00002
.\glue(\tabskip) 0.0
.\unsetbox(0.0+0.0)x53.50047
.\glue(\tabskip) 0.0
.etc.


Underfull \hbox (badness 10000) in alignment at lines 702--702
[][][]

\hbox(0.0+0.0)x480.0
.\glue(\tabskip) 0.0
.\unsetbox(0.0+0.0)x58.00002
.\glue(\tabskip) 0.0
.\unsetbox(0.0+0.0)x83.00047
.\glue(\tabskip) 0.0
.etc.


Underfull \hbox (badness 10000) in alignment at lines 703--703
[][][]

\hbox(0.0+0.0)x480.0
.\glue(\tabskip) 0.0
.\unsetbox(0.0+0.0)x58.00002
.\glue(\tabskip) 0.0
.\unsetbox(0.0+0.0)x108.72275
.\glue(\tabskip) 0.0
.etc.


Underfull \hbox (badness 10000) in alignment at lines 705--705
[][][]

\hbox(0.0+0.0)x480.0
.\glue(\tabskip) 0.0
.\unsetbox(0.0+0.0)x58.00002
.\glue(\tabskip) 0.0
.\unsetbox(0.0+0.0)x62.00047
.\glue(\tabskip) 0.0
.etc.


Underfull \hbox (badness 10000) in alignment at lines 706--706
[][][]

\hbox(0.0+0.0)x480.0
.\glue(\tabskip) 0.0
.\unsetbox(0.0+0.0)x58.00002
.\glue(\tabskip) 0.0
.\unsetbox(0.0+0.0)x26.97273
.\glue(\tabskip) 0.0
.etc.


Underfull \hbox (badness 10000) in alignment at lines 707--707
[][][]

\hbox(0.0+0.0)x480.0
.\glue(\tabskip) 0.0
.\unsetbox(0.0+0.0)x58.00002
.\glue(\tabskip) 0.0
.\unsetbox(0.0+0.0)x32.00479
.\glue(\tabskip) 0.0
.etc.


Underfull \hbox (badness 10000) in alignment at lines 708--708
[][][]

\hbox(0.0+0.0)x480.0
.\glue(\tabskip) 0.0
.\unsetbox(0.0+0.0)x58.00002
.\glue(\tabskip) 0.0
.\unsetbox(0.0+0.0)x32.00479
.\glue(\tabskip) 0.0
.etc.


Underfull \hbox (badness 10000) in alignment at lines 709--709
[][][]

\hbox(0.0+0.0)x480.0
.\glue(\tabskip) 0.0
.\unsetbox(0.0+0.0)x58.00002
.\glue(\tabskip) 0.0
.\unsetbox(0.0+0.0)x51.94499
.\glue(\tabskip) 0.0
.etc.


Underfull \hbox (badness 10000) in alignment at lines 712--712
[][][]

\hbox(0.0+0.0)x480.0
.\glue(\tabskip) 0.0
.\unsetbox(0.0+0.0)x58.00002
.\glue(\tabskip) 0.0
.\unsetbox(0.0+0.0)x56.72272
.\glue(\tabskip) 0.0
.etc.

[40] [41] [42]) [43] [44] ){/usr/share/texmf/fonts/enc/dvips/lm/lm-ec.enc}</usr
/share/texlive/texmf-dist/fonts/type1/public/amsfonts/cm/cmmi10.pfb></usr/share
/texlive/texmf-dist/fonts/type1/public/amsfonts/cm/cmr10.pfb></usr/share/texliv
e/texmf-dist/fonts/type1/public/amsfonts/cm/cmssi10.pfb></usr/share/texlive/tex
mf-dist/fonts/type1/public/amsfonts/cm/cmsy10.pfb></usr/share/texlive/texmf-dis
t/fonts/type1/public/amsfonts/cm/cmti10.pfb></usr/share/texlive/texmf-dist/font
s/type1/public/amsfonts/cm/cmtt10.pfb></usr/share/texmf/fonts/type1/public/lm/l
mbx10.pfb></usr/share/texmf/fonts/type1/public/lm/lmbx9.pfb></usr/share/texmf/f
onts/type1/public/lm/lmr10.pfb></usr/share/texmf/fonts/type1/public/lm/lmr7.pfb
></usr/share/texmf/fonts/type1/public/lm/lmtt9.pfb>
Output written on chap-6.pdf (46 pages, 304948 bytes).
PDF statistics:
 199 PDF objects out of 1000 (max. 8388607)
 138 compressed objects within 2 object streams
 0 named destinations out of 1000 (max. 500000)
 1 words of extra memory for PDF output out of 10000 (max. 10000000)

