This is pdfTeX, Version 3.14159265-2.6-1.40.15 (MiKTeX 2.9) (preloaded format=pdftex 2015.6.16)  11 OCT 2015 19:32
entering extended mode
**chap-a.tex
(chap-a.tex (setup.tex (setup-version.tex) (setup-title.tex) (setup-aux.tex
(setup-cmfont.tex)
\normalleftskip=\skip18
\comleftskip=\skip19
\hcomleftskip=\skip20
\normalparskip=\skip21
\combarht=\dimen16
\fullhsize=\dimen17
\headline=\toks12
\footline=\toks13
\iskip=\skip22
\iiskip=\skip23
\iiiskip=\skip24
\firstcolbox=\box16
\othercolbox=\box17
\tocfile=\write0
\figfile=\write1
\idxfile=\write2
\issfile=\write3
\reffile=\write4
\secfile=\write5
\capno=\count26
\secn=\count27
\ssecn=\count28
\sssecn=\count29
\ssssecn=\count30
\sssssecn=\count31
\ssssssecn=\count32
\comline=\box18
\idxins=\insert252
\leftcolumn=\box19
\dotw=\dimen18
\changedepth=\dimen19
) (setup-document.tex) (setup-tables.tex) (setup-terms.tex)
(setup-figures.tex) (setup-sections.tex) (setup-options.tex)) [-1{C:/Users/vanc
an1ty/AppData/Local/MiKTeX/2.9/pdftex/config/pdftex.map}] [-2]
(appendix-removed.tex) [1] [2] )<C:/Program Files (x86)/MiKTeX 2.9/fonts/type1/
public/amsfonts/cm/cmbx10.pfb><C:/Program Files (x86)/MiKTeX 2.9/fonts/type1/pu
blic/amsfonts/cm/cmbx9.pfb><C:/Program Files (x86)/MiKTeX 2.9/fonts/type1/publi
c/amsfonts/cm/cmr10.pfb><C:/Program Files (x86)/MiKTeX 2.9/fonts/type1/public/a
msfonts/cm/cmssi10.pfb><C:/Program Files (x86)/MiKTeX 2.9/fonts/type1/public/am
sfonts/cm/cmti10.pfb><C:/Program Files (x86)/MiKTeX 2.9/fonts/type1/public/amsf
onts/cm/cmtt9.pfb>
Output written on chap-a.pdf (4 pages, 90195 bytes).
PDF statistics:
 39 PDF objects out of 1000 (max. 8388607)
 0 named destinations out of 1000 (max. 500000)
 1 words of extra memory for PDF output out of 10000 (max. 10000000)

