This is pdfTeX, Version 3.1415926-2.5-1.40.14 (TeX Live 2013/Debian) (format=pdftex 2016.7.17)  14 SEP 2016 21:52
entering extended mode
 restricted \write18 enabled.
 %&-line parsing enabled.
**chap-7.tex
(./chap-7.tex (./setup.tex (./setup-version.tex) (./setup-title.tex)
(./setup-aux.tex (./setup-cmfont.tex)
\normalleftskip=\skip18
\comleftskip=\skip19
\hcomleftskip=\skip20
\normalparskip=\skip21
\combarht=\dimen16
\fullhsize=\dimen17
\headline=\toks13
\footline=\toks14
\iskip=\skip22
\iiskip=\skip23
\iiiskip=\skip24
\firstcolbox=\box16
\othercolbox=\box17
\tocfile=\write0
\figfile=\write1
\idxfile=\write2
\issfile=\write3
\reffile=\write4
\secfile=\write5
\capno=\count27
\secn=\count28
\ssecn=\count29
\sssecn=\count30
\ssssecn=\count31
\sssssecn=\count32
\ssssssecn=\count33
\comline=\box18
\idxins=\insert252
\leftcolumn=\box19
\dotw=\dimen18
\changedepth=\dimen19
) (./setup-document.tex)
(./setup-tables.tex) (./setup-terms.tex) (./setup-figures.tex)
(./setup-sections.tex) (./setup-options.tex))
\openout0 = `chap-7.toc'.

\openout1 = `chap-7.fig'.

\openout2 = `chap-7.idx'.

\openout3 = `chap-7.iss'.

\openout4 = `chap-7.ref'.

\openout5 = `chap-7.sec'.

 [-1{/var/lib/texmf/fonts/map/pdftex/updmap/pdftex.map}] [-2] (./concept-object
s.tex [1] [2]
Underfull \hbox (badness 1577) in paragraph at lines 192--196
 []\tenrm Updating an \bitten in-stance \tenrm to con-form to a re-de-fined \bi
tten class\tenrm : 

\hbox(6.94444+1.94444)x480.0, glue set 2.50935
.\glue(\leftskip) 120.0
.\hbox(4.30554+0.0)x0.0, glue set 12.99998fil
..\glue -18.0
..\tenrm { (ligature --)
..\glue 0.0 plus 1.0fil minus 1.0fil
.\penalty 20000
.\tenrm U
.\tenrm p
.etc.

[3] [4] [5] [6] [7]) [8] (./concept-change-class.tex [9]) [10]
(./concept-reinit.tex) [11] (./concept-meta-objects.tex) [12]
(./concept-slots.tex [13] [14]) [15] (./concept-gfs-and-methods.tex [16]
[17] [18] [19] [20] [21] [22] [23] [24] [25]) [26] (./dict-objects.tex [27]
[28] [29] [30]
Underfull \hbox (badness 1577) in paragraph at lines 331--340
 []$$[]\tenrm , $$[], $$[], 

\hbox(6.296+1.94444)x480.0, glue set 2.51056
.\glue(\leftskip) 48.0
.\hbox(0.0+0.0)x0.0
.\mathon
.\mathoff
.\hbox(6.296+0.0)x81.12799
..\bbfnine i
..\bbfnine n
..\bbfnine i
..\bbfnine t
..\bbfnine i
..etc.
.etc.

[31] [32] [33] [34] [35] [36] [37] [38] [39] [40] [41] [42] [43] [44] [45]
[46] [47] [48] [49] [50] [51] [52] [53] [54]
Underfull \hbox (badness 10000) in alignment at lines 2332--2332
[][][]

\hbox(0.0+0.0)x480.0
.\glue(\tabskip) 0.0
.\unsetbox(0.0+0.0)x58.00002
.\glue(\tabskip) 0.0
.\unsetbox(0.0+0.0)x53.83385
.\glue(\tabskip) 0.0
.etc.

[55] [56]
Underfull \hbox (badness 10000) in alignment at lines 2445--2445
[][][]

\hbox(0.0+0.0)x480.0
.\glue(\tabskip) 0.0
.\unsetbox(0.0+0.0)x58.00002
.\glue(\tabskip) 0.0
.\unsetbox(0.0+0.0)x53.83385
.\glue(\tabskip) 0.0
.etc.

[57] [58] [59] [60] [61] [62] [63]
Underfull \hbox (badness 10000) in alignment at lines 3008--3008
[][][]

\hbox(0.0+0.0)x480.0
.\glue(\tabskip) 0.0
.\unsetbox(0.0+0.0)x58.00002
.\glue(\tabskip) 0.0
.\unsetbox(0.0+0.0)x39.84471
.\glue(\tabskip) 0.0
.etc.


Underfull \hbox (badness 10000) in alignment at lines 3013--3013
[][][]

\hbox(0.0+0.0)x480.0
.\glue(\tabskip) 0.0
.\unsetbox(0.0+0.0)x58.00002
.\glue(\tabskip) 0.0
.\unsetbox(0.0+0.0)x93.48364
.\glue(\tabskip) 0.0
.etc.

[64] [65] [66] [67] [68] [69]
Underfull \hbox (badness 10000) in paragraph at lines 3525--3525
  

\hbox(0.0+0.0)x480.0, glue set 12.0
.\glue(\leftskip) 48.0
.\glue(\rightskip) 0.0 plus 36.0

[70] [71] [72] [73] [74]
Underfull \hbox (badness 10000) in alignment at lines 3975--3975
[][][]

\hbox(0.0+0.0)x480.0
.\glue(\tabskip) 0.0
.\unsetbox(0.0+0.0)x58.00002
.\glue(\tabskip) 0.0
.\unsetbox(0.0+0.0)x86.40034
.\glue(\tabskip) 0.0
.etc.


Underfull \hbox (badness 10000) in alignment at lines 3978--3978
[][][]

\hbox(0.0+0.0)x480.0
.\glue(\tabskip) 0.0
.\unsetbox(0.0+0.0)x58.00002
.\glue(\tabskip) 0.0
.\unsetbox(0.0+0.0)x110.22281
.\glue(\tabskip) 0.0
.etc.


Underfull \hbox (badness 10000) in alignment at lines 3981--3981
[][][]

\hbox(0.0+0.0)x480.0
.\glue(\tabskip) 0.0
.\unsetbox(0.0+0.0)x58.00002
.\glue(\tabskip) 0.0
.\unsetbox(0.0+0.0)x83.2059
.\glue(\tabskip) 0.0
.etc.

[75] [76] [77] [78] [79] [80] [81] [82] [83] [84] [85] [86] [87] [88]) [89]
[90] ){/usr/share/texmf/fonts/enc/dvips/lm/lm-ec.enc}</usr/share/texlive/texmf-
dist/fonts/type1/public/amsfonts/cm/cmbxsl10.pfb></usr/share/texlive/texmf-dist
/fonts/type1/public/amsfonts/cm/cmmi10.pfb></usr/share/texlive/texmf-dist/fonts
/type1/public/amsfonts/cm/cmmi7.pfb></usr/share/texlive/texmf-dist/fonts/type1/
public/amsfonts/cm/cmr10.pfb></usr/share/texlive/texmf-dist/fonts/type1/public/
amsfonts/cm/cmssi10.pfb></usr/share/texlive/texmf-dist/fonts/type1/public/amsfo
nts/cm/cmsy10.pfb></usr/share/texlive/texmf-dist/fonts/type1/public/amsfonts/cm
/cmti10.pfb></usr/share/texlive/texmf-dist/fonts/type1/public/amsfonts/cm/cmtt1
0.pfb></usr/share/texmf/fonts/type1/public/lm/lmbx10.pfb></usr/share/texmf/font
s/type1/public/lm/lmbx9.pfb></usr/share/texmf/fonts/type1/public/lm/lmr10.pfb><
/usr/share/texmf/fonts/type1/public/lm/lmr7.pfb></usr/share/texmf/fonts/type1/p
ublic/lm/lmtt9.pfb>
Output written on chap-7.pdf (92 pages, 464417 bytes).
PDF statistics:
 355 PDF objects out of 1000 (max. 8388607)
 245 compressed objects within 3 object streams
 0 named destinations out of 1000 (max. 500000)
 1 words of extra memory for PDF output out of 10000 (max. 10000000)

