This is pdfTeX, Version 3.1415926-2.5-1.40.14 (TeX Live 2013/Debian) (format=pdftex 2016.7.17)  14 SEP 2016 21:52
entering extended mode
 restricted \write18 enabled.
 %&-line parsing enabled.
**chap-12.tex
(./chap-12.tex (./setup.tex (./setup-version.tex) (./setup-title.tex)
(./setup-aux.tex (./setup-cmfont.tex)
\normalleftskip=\skip18
\comleftskip=\skip19
\hcomleftskip=\skip20
\normalparskip=\skip21
\combarht=\dimen16
\fullhsize=\dimen17
\headline=\toks13
\footline=\toks14
\iskip=\skip22
\iiskip=\skip23
\iiiskip=\skip24
\firstcolbox=\box16
\othercolbox=\box17
\tocfile=\write0
\figfile=\write1
\idxfile=\write2
\issfile=\write3
\reffile=\write4
\secfile=\write5
\capno=\count27
\secn=\count28
\ssecn=\count29
\sssecn=\count30
\ssssecn=\count31
\sssssecn=\count32
\ssssssecn=\count33
\comline=\box18
\idxins=\insert252
\leftcolumn=\box19
\dotw=\dimen18
\changedepth=\dimen19
) (./setup-document.tex)
(./setup-tables.tex) (./setup-terms.tex) (./setup-figures.tex)
(./setup-sections.tex) (./setup-options.tex))
\openout0 = `chap-12.toc'.

\openout1 = `chap-12.fig'.

\openout2 = `chap-12.idx'.

\openout3 = `chap-12.iss'.

\openout4 = `chap-12.ref'.

\openout5 = `chap-12.sec'.

 [-1{/var/lib/texmf/fonts/map/pdftex/updmap/pdftex.map}] [-2] (./concept-number
s.tex [1] [2] [3] [4]
Underfull \hbox (badness 1137) in paragraph at lines 268--291
 []\tenrm If the ar-gu-ments to an ir-ra-tional math-e-mat-i-cal \bitten func-t
ion \tenrm are all of type 

\hbox(6.94444+1.94444)x480.0, glue set 2.24968
.\glue(\leftskip) 48.0
.\hbox(0.0+0.0)x0.0
.\tenrm I
.\tenrm f
.\glue 3.33333 plus 1.66666 minus 1.11111
.etc.

[5] [6] [7] [8] [9]) [10] (./dict-numbers.tex [11] [12] [13] [14] [15] [16]
[17] [18] [19] [20] [21] [22] [23] [24] [25] [26] [27] [28] [29] [30] [31]
[32] [33] [34] [35] [36] [37] [38] [39] [40] [41] [42] [43] [44] [45] [46]
[47] [48] [49] [50] [51] [52] [53] [54] [55] [56] [57] [58] [59] [60] [61]
[62] [63] [64] [65] [66] [67] [68] [69] [70] [71] [72] [73] [74] [75] [76]
[77] [78]
Underfull \hbox (badness 10000) in paragraph at lines 4909--4909
  

\hbox(0.0+0.0)x480.0, glue set 12.0
.\glue(\leftskip) 48.0
.\glue(\rightskip) 0.0 plus 36.0

[79] [80]
Underfull \hbox (badness 10000) in paragraph at lines 5049--5049
  

\hbox(0.0+0.0)x480.0, glue set 12.0
.\glue(\leftskip) 48.0
.\glue(\rightskip) 0.0 plus 36.0

[81] [82] [83] [84] [85] [86] [87] [88] [89] [90]) [91] [92] ){/usr/share/texmf
/fonts/enc/dvips/lm/lm-ec.enc}</usr/share/texlive/texmf-dist/fonts/type1/public
/amsfonts/cm/cmex10.pfb></usr/share/texlive/texmf-dist/fonts/type1/public/amsfo
nts/cm/cmmi10.pfb></usr/share/texlive/texmf-dist/fonts/type1/public/amsfonts/cm
/cmmi7.pfb></usr/share/texlive/texmf-dist/fonts/type1/public/amsfonts/cm/cmr10.
pfb></usr/share/texlive/texmf-dist/fonts/type1/public/amsfonts/cm/cmssi10.pfb><
/usr/share/texlive/texmf-dist/fonts/type1/public/amsfonts/cm/cmsy10.pfb></usr/s
hare/texlive/texmf-dist/fonts/type1/public/amsfonts/cm/cmsy7.pfb></usr/share/te
xlive/texmf-dist/fonts/type1/public/amsfonts/cm/cmti10.pfb></usr/share/texlive/
texmf-dist/fonts/type1/public/amsfonts/cm/cmti7.pfb></usr/share/texlive/texmf-d
ist/fonts/type1/public/amsfonts/cm/cmtt10.pfb></usr/share/texmf/fonts/type1/pub
lic/lm/lmbx10.pfb></usr/share/texmf/fonts/type1/public/lm/lmbx9.pfb></usr/share
/texmf/fonts/type1/public/lm/lmr10.pfb></usr/share/texmf/fonts/type1/public/lm/
lmr7.pfb></usr/share/texmf/fonts/type1/public/lm/lmtt9.pfb>
Output written on chap-12.pdf (94 pages, 430580 bytes).
PDF statistics:
 369 PDF objects out of 1000 (max. 8388607)
 255 compressed objects within 3 object streams
 0 named destinations out of 1000 (max. 500000)
 1 words of extra memory for PDF output out of 10000 (max. 10000000)

