This is pdfTeX, Version 3.1415926-2.5-1.40.14 (TeX Live 2013/Debian) (format=pdftex 2016.7.17)  14 SEP 2016 21:52
entering extended mode
 restricted \write18 enabled.
 %&-line parsing enabled.
**chap-23.tex
(./chap-23.tex (./setup.tex (./setup-version.tex) (./setup-title.tex)
(./setup-aux.tex (./setup-cmfont.tex)
\normalleftskip=\skip18
\comleftskip=\skip19
\hcomleftskip=\skip20
\normalparskip=\skip21
\combarht=\dimen16
\fullhsize=\dimen17
\headline=\toks13
\footline=\toks14
\iskip=\skip22
\iiskip=\skip23
\iiiskip=\skip24
\firstcolbox=\box16
\othercolbox=\box17
\tocfile=\write0
\figfile=\write1
\idxfile=\write2
\issfile=\write3
\reffile=\write4
\secfile=\write5
\capno=\count27
\secn=\count28
\ssecn=\count29
\sssecn=\count30
\ssssecn=\count31
\sssssecn=\count32
\ssssssecn=\count33
\comline=\box18
\idxins=\insert252
\leftcolumn=\box19
\dotw=\dimen18
\changedepth=\dimen19
) (./setup-document.tex)
(./setup-tables.tex) (./setup-terms.tex) (./setup-figures.tex)
(./setup-sections.tex) (./setup-options.tex))
\openout0 = `chap-23.toc'.

\openout1 = `chap-23.fig'.

\openout2 = `chap-23.idx'.

\openout3 = `chap-23.iss'.

\openout4 = `chap-23.ref'.

\openout5 = `chap-23.sec'.

 [-1{/var/lib/texmf/fonts/map/pdftex/updmap/pdftex.map}] [-2] (./concept-reader
.tex [1] [2]) [3]
(./dict-reader.tex [4] [5] [6] [7] [8] [9] [10]
Underfull \hbox (badness 10000) in paragraph at lines 691--691
  

\hbox(0.0+0.0)x480.0, glue set 12.0
.\glue(\leftskip) 48.0
.\glue(\rightskip) 0.0 plus 36.0

[11] [12] [13] [14] [15] [16] [17] [18] [19] [20] [21] [22]) [23] [24] ){/usr/s
hare/texmf/fonts/enc/dvips/lm/lm-ec.enc}</usr/share/texlive/texmf-dist/fonts/ty
pe1/public/amsfonts/cm/cmbxsl10.pfb></usr/share/texlive/texmf-dist/fonts/type1/
public/amsfonts/cm/cmmi10.pfb></usr/share/texlive/texmf-dist/fonts/type1/public
/amsfonts/cm/cmr10.pfb></usr/share/texlive/texmf-dist/fonts/type1/public/amsfon
ts/cm/cmssi10.pfb></usr/share/texlive/texmf-dist/fonts/type1/public/amsfonts/cm
/cmsy10.pfb></usr/share/texlive/texmf-dist/fonts/type1/public/amsfonts/cm/cmti1
0.pfb></usr/share/texmf/fonts/type1/public/lm/lmbx10.pfb></usr/share/texmf/font
s/type1/public/lm/lmbx9.pfb></usr/share/texmf/fonts/type1/public/lm/lmr10.pfb><
/usr/share/texmf/fonts/type1/public/lm/lmr7.pfb></usr/share/texmf/fonts/type1/p
ublic/lm/lmtt9.pfb>
Output written on chap-23.pdf (26 pages, 261098 bytes).
PDF statistics:
 133 PDF objects out of 1000 (max. 8388607)
 93 compressed objects within 1 object stream
 0 named destinations out of 1000 (max. 500000)
 1 words of extra memory for PDF output out of 10000 (max. 10000000)

