This is pdfTeX, Version 3.1415926-2.5-1.40.14 (TeX Live 2013/Debian) (format=pdftex 2016.7.17)  14 SEP 2016 21:52
entering extended mode
 restricted \write18 enabled.
 %&-line parsing enabled.
**chap-0.tex
(./chap-0.tex (./setup-for-toc.tex (./setup-version.tex) (./setup-title.tex)
(./setup-aux.tex (./setup-cmfont.tex)
\normalleftskip=\skip18
\comleftskip=\skip19
\hcomleftskip=\skip20
\normalparskip=\skip21
\combarht=\dimen16
\fullhsize=\dimen17
\headline=\toks13
\footline=\toks14
\iskip=\skip22
\iiskip=\skip23
\iiiskip=\skip24
\firstcolbox=\box16
\othercolbox=\box17
\tocfile=\write0
\figfile=\write1
\idxfile=\write2
\issfile=\write3
\reffile=\write4
\secfile=\write5
\capno=\count27
\secn=\count28
\ssecn=\count29
\sssecn=\count30
\ssssecn=\count31
\sssssecn=\count32
\ssssssecn=\count33
\comline=\box18
\idxins=\insert252
\leftcolumn=\box19
\dotw=\dimen18
\changedepth=\dimen19
) (./setup-document.tex)
(./setup-tables.tex) (./setup-terms.tex) (./setup-figures.tex)
(./setup-sections-for-toc.tex) (./setup-options.tex)) [0{/var/lib/texmf/fonts/m
ap/pdftex/updmap/pdftex.map}] [0]
Underfull \hbox (badness 10000) in paragraph at lines 25--25
 []\tenrm Chapter 1 (In-tro-duc-tion)

\hbox(7.5+2.5)x480.0, glue set 96.66719
.\glue(\leftskip) 48.0
.\hbox(0.0+0.0)x0.0
.\tenrm C
.\tenrm h
.\tenrm a
.etc.

(./chap-1.fig)
Underfull \hbox (badness 10000) in paragraph at lines 28--28
 []\tenrm Chapter 2 (Syn-tax)

\hbox(7.5+2.5)x480.0, glue set 104.00891
.\glue(\leftskip) 48.0
.\hbox(0.0+0.0)x0.0
.\tenrm C
.\tenrm h
.\tenrm a
.etc.

(./chap-2.fig [-1])
Underfull \hbox (badness 10000) in paragraph at lines 31--31
 []\tenrm Chapter 3 (Eval-u-a-tion and Com-pi-la-tion)

\hbox(7.5+2.5)x480.0, glue set 37.9835
.\glue(\leftskip) 48.0
.\hbox(0.0+0.0)x0.0
.\tenrm C
.\tenrm h
.\tenrm a
.etc.

(./chap-3.fig)
Underfull \hbox (badness 10000) in paragraph at lines 34--34
 []\tenrm Chapter 4 (Types and Classes)

\hbox(7.5+2.5)x480.0, glue set 44.47107
.\glue(\leftskip) 48.0
.\hbox(0.0+0.0)x0.0
.\tenrm C
.\tenrm h
.\tenrm a
.etc.

(./chap-4.fig)
Underfull \hbox (badness 10000) in paragraph at lines 37--37
 []\tenrm Chapter 5 (Data and Con-trol Flow)

\hbox(7.5+2.5)x480.0, glue set 33.00017
.\glue(\leftskip) 48.0
.\hbox(0.0+0.0)x0.0
.\tenrm C
.\tenrm h
.\tenrm a
.etc.

(./chap-5.fig [-2])
Underfull \hbox (badness 10000) in paragraph at lines 40--40
 []\tenrm Chapter 6 (It-er-a-tion)

\hbox(7.5+2.5)x480.0, glue set 101.66724
.\glue(\leftskip) 48.0
.\hbox(0.0+0.0)x0.0
.\tenrm C
.\tenrm h
.\tenrm a
.etc.

(./chap-6.fig)
Underfull \hbox (badness 10000) in paragraph at lines 43--43
 []\tenrm Chapter 7 (Ob-jects)

\hbox(7.5+2.5)x480.0, glue set 102.99225
.\glue(\leftskip) 48.0
.\hbox(0.0+0.0)x0.0
.\tenrm C
.\tenrm h
.\tenrm a
.etc.

(./chap-7.fig)
Underfull \hbox (badness 10000) in paragraph at lines 46--46
 []\tenrm Chapter 8 (Struc-tures)

\hbox(7.5+2.5)x480.0, glue set 99.55888
.\glue(\leftskip) 48.0
.\hbox(0.0+0.0)x0.0
.\tenrm C
.\tenrm h
.\tenrm a
.etc.

(./chap-8.fig)
Underfull \hbox (badness 10000) in paragraph at lines 49--49
 []\tenrm Chapter 9 (Con-di-tions)

\hbox(7.5+2.5)x480.0, glue set 98.90887
.\glue(\leftskip) 48.0
.\hbox(0.0+0.0)x0.0
.\tenrm C
.\tenrm h
.\tenrm a
.etc.

(./chap-9.fig)
Underfull \hbox (badness 10000) in paragraph at lines 52--52
 []\tenrm Chapter 10 (Sym-bols)

\hbox(7.5+2.5)x480.0, glue set 100.65887
.\glue(\leftskip) 48.0
.\hbox(0.0+0.0)x0.0
.\tenrm C
.\tenrm h
.\tenrm a
.etc.

(./chap-10.fig)
Underfull \hbox (badness 10000) in paragraph at lines 55--55
 []\tenrm Chapter 11 (Pack-ages)

\hbox(7.5+2.5)x480.0, glue set 99.95056
.\glue(\leftskip) 48.0
.\hbox(0.0+0.0)x0.0
.\tenrm C
.\tenrm h
.\tenrm a
.etc.

(./chap-11.fig)
Underfull \hbox (badness 10000) in paragraph at lines 58--58
 []\tenrm Chapter 12 (Num-bers)

\hbox(7.5+2.5)x480.0, glue set 99.81721
.\glue(\leftskip) 48.0
.\hbox(0.0+0.0)x0.0
.\tenrm C
.\tenrm h
.\tenrm a
.etc.

(./chap-12.fig [-3])
Underfull \hbox (badness 10000) in paragraph at lines 61--61
 []\tenrm Chapter 13 (Char-ac-ters)

\hbox(7.5+2.5)x480.0, glue set 97.39221
.\glue(\leftskip) 48.0
.\hbox(0.0+0.0)x0.0
.\tenrm C
.\tenrm h
.\tenrm a
.etc.

(./chap-13.fig)
Underfull \hbox (badness 10000) in paragraph at lines 64--64
 []\tenrm Chapter 14 (Conses)

\hbox(7.5+2.5)x480.0, glue set 102.55891
.\glue(\leftskip) 48.0
.\hbox(0.0+0.0)x0.0
.\tenrm C
.\tenrm h
.\tenrm a
.etc.

(./chap-14.fig)
Underfull \hbox (badness 10000) in paragraph at lines 67--67
 []\tenrm Chapter 15 (Ar-rays)

\hbox(7.5+2.5)x480.0, glue set 102.80891
.\glue(\leftskip) 48.0
.\hbox(0.0+0.0)x0.0
.\tenrm C
.\tenrm h
.\tenrm a
.etc.

(./chap-15.fig)
Underfull \hbox (badness 10000) in paragraph at lines 70--70
 []\tenrm Chapter 16 (Strings)

\hbox(7.5+2.5)x480.0, glue set 102.40057
.\glue(\leftskip) 48.0
.\hbox(0.0+0.0)x0.0
.\tenrm C
.\tenrm h
.\tenrm a
.etc.

(./chap-16.fig)
Underfull \hbox (badness 10000) in paragraph at lines 73--73
 []\tenrm Chapter 17 (Se-quences)

\hbox(7.5+2.5)x480.0, glue set 98.49222
.\glue(\leftskip) 48.0
.\hbox(0.0+0.0)x0.0
.\tenrm C
.\tenrm h
.\tenrm a
.etc.

(./chap-17.fig)
Underfull \hbox (badness 10000) in paragraph at lines 76--76
 []\tenrm Chapter 18 (Hash Ta-bles)

\hbox(7.5+2.5)x480.0, glue set 63.7059
.\glue(\leftskip) 48.0
.\hbox(0.0+0.0)x0.0
.\tenrm C
.\tenrm h
.\tenrm a
.etc.

(./chap-18.fig [-4])
Underfull \hbox (badness 10000) in paragraph at lines 79--79
 []\tenrm Chapter 19 (File-names)

\hbox(7.5+2.5)x480.0, glue set 98.45053
.\glue(\leftskip) 48.0
.\hbox(0.0+0.0)x0.0
.\tenrm C
.\tenrm h
.\tenrm a
.etc.

(./chap-19.fig)
Underfull \hbox (badness 10000) in paragraph at lines 82--82
 []\tenrm Chapter 20 (Files)

\hbox(7.5+2.5)x480.0, glue set 105.45059
.\glue(\leftskip) 48.0
.\hbox(0.0+0.0)x0.0
.\tenrm C
.\tenrm h
.\tenrm a
.etc.

(./chap-20.fig)
Underfull \hbox (badness 10000) in paragraph at lines 85--85
 []\tenrm Chapter 21 (Streams)

\hbox(7.5+2.5)x480.0, glue set 101.06723
.\glue(\leftskip) 48.0
.\hbox(0.0+0.0)x0.0
.\tenrm C
.\tenrm h
.\tenrm a
.etc.

(./chap-21.fig)
Underfull \hbox (badness 10000) in paragraph at lines 88--88
 []\tenrm Chapter 22 (Printer)

\hbox(7.5+2.5)x480.0, glue set 102.2839
.\glue(\leftskip) 48.0
.\hbox(0.0+0.0)x0.0
.\tenrm C
.\tenrm h
.\tenrm a
.etc.

(./chap-22.fig)
Underfull \hbox (badness 10000) in paragraph at lines 91--91
 []\tenrm Chapter 23 (Reader)

\hbox(7.5+2.5)x480.0, glue set 102.37558
.\glue(\leftskip) 48.0
.\hbox(0.0+0.0)x0.0
.\tenrm C
.\tenrm h
.\tenrm a
.etc.

(./chap-23.fig)
Underfull \hbox (badness 10000) in paragraph at lines 94--94
 []\tenrm Chapter 24 (Sys-tem Con-struc-tion)

\hbox(7.5+2.5)x480.0, glue set 56.08917
.\glue(\leftskip) 48.0
.\hbox(0.0+0.0)x0.0
.\tenrm C
.\tenrm h
.\tenrm a
.etc.

(./chap-24.fig)
Underfull \hbox (badness 10000) in paragraph at lines 97--97
 []\tenrm Chapter 25 (En-vi-ron-ment)

\hbox(7.5+2.5)x480.0, glue set 94.6255
.\glue(\leftskip) 48.0
.\hbox(0.0+0.0)x0.0
.\tenrm C
.\tenrm h
.\tenrm a
.etc.

(./chap-25.fig [-5])
Underfull \hbox (badness 10000) in paragraph at lines 100--100
 []\tenrm Chapter 26 (Glos-sary)

\hbox(7.5+2.5)x480.0, glue set 100.27972
.\glue(\leftskip) 48.0
.\hbox(0.0+0.0)x0.0
.\tenrm C
.\tenrm h
.\tenrm a
.etc.

(./chap-26.fig)
Underfull \hbox (badness 10000) in paragraph at lines 109--109
 []\tenrm Chapter A (Ap-pendix)

\hbox(7.5+2.5)x480.0, glue set 99.64238
.\glue(\leftskip) 48.0
.\hbox(0.0+0.0)x0.0
.\tenrm C
.\tenrm h
.\tenrm a
.etc.

(./chap-a.fig) [-6] (./chap-1.toc [-1]) (./chap-2.toc [-2] [-3]) (./chap-3.toc
[-4] [-5]) (./chap-4.toc [-6]) (./chap-5.toc) (./chap-6.toc [-7] [-8])
(./chap-7.toc [-9]) (./chap-8.toc) (./chap-9.toc) (./chap-10.toc)
(./chap-11.toc [-10]) (./chap-12.toc) (./chap-13.toc [-11]) (./chap-14.toc)
(./chap-15.toc [-12]) (./chap-16.toc) (./chap-17.toc) (./chap-18.toc)
(./chap-19.toc [-13] [-14]) (./chap-20.toc) (./chap-21.toc) (./chap-22.toc
[-15] [-16]) (./chap-23.toc) (./chap-24.toc [-17]) (./chap-25.toc)
(./chap-26.toc) (./chap-a.toc) [-18] (./index.idx
Underfull \vbox (badness 10000) has occurred while \output is active
\vbox(516.0+1.75)x216.0
.\glue(\topskip) 24.0
.\rule(0.0+0.0)x*
.\penalty 10000
.\glue -10.0
.\glue(\baselineskip) 18.05556
.etc.


Overfull \vbox (1.75pt too high) has occurred while \output is active
\vbox(516.0+0.0)x216.0
.\hbox(516.0+1.75)x216.0
..\vbox(516.0+1.75)x216.0
...\glue(\topskip) 24.0
...\rule(0.0+0.0)x*
...\penalty 10000
...\glue -10.0
...\glue(\baselineskip) 18.05556
...etc.
..\glue 0.0 plus 1.0fil minus 1.0fil
.\glue 0.0 plus 1.0fil


Underfull \vbox (badness 10000) has occurred while \output is active
\vbox(516.0+0.0)x216.0
.\glue(\topskip) 17.25
.\hbox(6.75+1.75)x216.0, glue set 119.30475fil
..\hbox(0.0+0.0)x0.0
..\mathon
..\mathoff
..\hbox(6.75+1.75)x61.69516
...\bbfnine *
...\bbfnine p
...\bbfnine r
...\bbfnine i
...\bbfnine n
...etc.
..\glue 10.00002
..etc.
.\glue(\parskip) 0.0
.\glue(\baselineskip) 2.5
.\hbox(6.75+1.75)x216.0, glue set 123.5887fil
..\hbox(0.0+0.0)x0.0
..\mathon
..\mathoff
..\hbox(6.75+1.75)x57.41121
...\bbfnine *
...\bbfnine p
...\bbfnine r
...\bbfnine i
...\bbfnine n
...etc.
..\glue 10.00002
..etc.
.etc.

 [-1]
Underfull \vbox (badness 10000) has occurred while \output is active
\vbox(516.0+1.94444)x216.0
.\glue(\topskip) 17.55556
.\hbox(6.44444+2.0)x216.0, glue set 119.85005fil
..\hbox(0.0+0.0)x0.0
..\mathon
..\mathoff
..\hbox(5.4005+2.0)x66.14987
...\lgnine :
...\lgnine l
...\lgnine o
...\lgnine a
...\lgnine d
...etc.
..\glue 10.00002
..etc.
.\glue(\parskip) 0.0
.\glue(\baselineskip) 2.55556
.\hbox(6.44444+0.0)x216.0, glue set 157.64998fil
..\hbox(0.0+0.0)x0.0
..\mathon
..\mathoff
..\hbox(5.4005+0.0)x28.34995
...\lgnine :
...\lgnine l
...\lgnine o
...\lgnine c
...\lgnine a
...etc.
..\glue 10.00002
..etc.
.etc.


Overfull \vbox (1.94444pt too high) has occurred while \output is active
\vbox(516.0+0.0)x216.0
.\hbox(516.0+1.94444)x216.0
..\vbox(516.0+1.94444)x216.0
...\glue(\topskip) 17.55556
...\hbox(6.44444+2.0)x216.0, glue set 119.85005fil []
...\glue(\parskip) 0.0
...\glue(\baselineskip) 2.55556
...\hbox(6.44444+0.0)x216.0, glue set 157.64998fil []
...etc.
..\glue 0.0 plus 1.0fil minus 1.0fil
.\glue 0.0 plus 1.0fil


Underfull \vbox (badness 10000) has occurred while \output is active
\vbox(516.0+1.94444)x216.0
.\glue(\topskip) 17.55556
.\hbox(6.44444+1.75)x216.0, glue set 112.55434fil
..\hbox(0.0+0.0)x0.0
..\mathon
..\mathoff
..\hbox(6.296+1.75)x68.44557
...\bbfnine a
...\bbfnine l
...\bbfnine p
...\bbfnine h
...\bbfnine a
...etc.
..\glue 10.00002
..etc.
.\glue(\parskip) 0.0
.\glue(\baselineskip) 2.30556
.\hbox(6.94444+1.94444)x216.0, glue set 138.32799fil
..\hbox(0.0+0.0)x0.0
..\bitten a
..\bitten m
..\bitten p
..\kern-0.51112
..etc.
.etc.

 [-2]
Underfull \vbox (badness 10000) has occurred while \output is active
\vbox(516.0+0.0)x216.0
.\glue(\topskip) 17.55556
.\hbox(6.44444+0.0)x216.0, glue set 157.06746fil
..\hbox(0.0+0.0)x0.0
..\mathon
..\mathoff
..\hbox(4.11098+0.0)x23.93245
...\bbfnine a
...\bbfnine s
...\bbfnine s
...\bbfnine o
...\kern0.29584
...etc.
..\glue 10.00002
..etc.
.\glue(\parskip) 0.0
.\glue(\baselineskip) 4.55556
.\hbox(6.44444+0.0)x216.0, glue set 146.25032fil
..\hbox(0.0+0.0)x0.0
..\mathon
..\mathoff
..\hbox(6.296+0.0)x34.74959
...\bbfnine a
...\bbfnine s
...\bbfnine s
...\bbfnine o
...\kern0.29584
...etc.
..\glue 10.00002
..etc.
.etc.


Underfull \vbox (badness 10000) has occurred while \output is active
\vbox(516.0+1.75)x216.0
.\glue(\topskip) 17.55556
.\hbox(6.44444+0.0)x216.0, glue set 141.50694fil
..\hbox(0.0+0.0)x0.0
..\mathon
..\mathoff
..\hbox(6.296+0.0)x39.49297
...\bbfnine b
...\bbfnine i
...\bbfnine t
...\bbfnine -
...\bbfnine n
...etc.
..\glue 10.00002
..etc.
.\glue(\parskip) 0.0
.\glue(\baselineskip) 4.55556
.\hbox(6.44444+0.0)x216.0, glue set 148.79897fil
..\hbox(0.0+0.0)x0.0
..\mathon
..\mathoff
..\hbox(6.296+0.0)x32.20094
...\bbfnine b
...\bbfnine i
...\bbfnine t
...\bbfnine -
...\bbfnine n
...etc.
..\glue 10.00002
..etc.
.etc.

 [-3]
Underfull \vbox (badness 10000) has occurred while \output is active
\vbox(516.0+0.0)x216.0
.\glue(\topskip) 17.05556
.\hbox(6.94444+0.0)x216.0, glue set 113.42226fil
..\hbox(0.0+0.0)x0.0
..\bitten b
..\bitten r
..\kern-0.51112
..\bitten o
..etc.
.\glue(\parskip) 0.0
.\glue(\baselineskip) 4.55556
.\hbox(6.44444+0.0)x216.0, glue set 105.78897fil
..\hbox(0.0+0.0)x0.0
..\mathon
..\mathoff
..\hbox(6.296+0.0)x80.21095
...\bbfnine b
...\bbfnine r
...\bbfnine o
...\bbfnine a
...\bbfnine d
...etc.
..\glue 10.00002
..etc.
.etc.


Underfull \vbox (badness 10000) has occurred while \output is active
\vbox(516.0+2.25)x216.0
.\glue(\topskip) 17.55556
.\hbox(6.44444+0.0)x216.0, glue set 154.68661fil
..\hbox(0.0+0.0)x0.0
..\mathon
..\mathoff
..\hbox(6.296+0.0)x31.31331
...\bbfnine c
...\bbfnine d
...\bbfnine a
...\bbfnine a
...\bbfnine d
...etc.
..\glue 10.00002
..etc.
.\glue(\parskip) 0.0
.\glue(\baselineskip) 4.55556
.\hbox(6.44444+0.0)x216.0, glue set 160.60312fil
..\hbox(0.0+0.0)x0.0
..\mathon
..\mathoff
..\hbox(6.296+0.0)x25.3968
...\bbfnine c
...\bbfnine d
...\bbfnine a
...\bbfnine a
...\bbfnine r
...etc.
..\glue 10.00002
..etc.
.etc.

 [-4]
Underfull \vbox (badness 10000) has occurred while \output is active
\vbox(516.0+1.94444)x216.0
.\glue(\topskip) 17.55556
.\hbox(6.44444+0.0)x216.0, glue set 155.82599fil
..\hbox(0.0+0.0)x0.0
..\mathon
..\mathoff
..\hbox(6.296+0.0)x25.17392
...\bbfnine c
...\kern-0.29585
...\bbfnine h
...\bbfnine a
...\bbfnine r
...etc.
..\glue 10.00002
..etc.
.\glue(\parskip) 0.0
.\glue(\baselineskip) 4.55556
.\hbox(6.44444+0.0)x216.0, glue set 147.54298fil
..\hbox(0.0+0.0)x0.0
..\mathon
..\mathoff
..\hbox(6.296+0.0)x33.45692
...\bbfnine c
...\kern-0.29585
...\bbfnine h
...\bbfnine a
...\bbfnine r
...etc.
..\glue 10.00002
..etc.
.etc.


Overfull \vbox (1.94444pt too high) has occurred while \output is active
\vbox(516.0+0.0)x216.0
.\hbox(516.0+1.94444)x216.0
..\vbox(516.0+1.94444)x216.0
...\glue(\topskip) 17.55556
...\hbox(6.44444+0.0)x216.0, glue set 155.82599fil []
...\glue(\parskip) 0.0
...\glue(\baselineskip) 4.55556
...\hbox(6.44444+0.0)x216.0, glue set 147.54298fil []
...etc.
..\glue 0.0 plus 1.0fil minus 1.0fil
.\glue 0.0 plus 1.0fil


Underfull \vbox (badness 10000) has occurred while \output is active
\vbox(516.0+0.0)x216.0
.\glue(\topskip) 17.05556
.\hbox(6.94444+1.94444)x216.0, glue set 45.96863fil
..\hbox(0.0+0.0)x0.0
..\bitten c
..\kern-0.51112
..\bitten o
..\bitten m
..etc.
.\glue(\parskip) 0.0
.\glue(\baselineskip) 2.11111
.\hbox(6.94444+1.94444)x216.0, glue set 108.75175fil
..\hbox(0.0+0.0)x0.0
..\bitten c
..\kern-0.51112
..\bitten o
..\bitten m
..etc.
.etc.

 [-5]
Underfull \vbox (badness 10000) has occurred while \output is active
\vbox(516.0+0.0)x216.0
.\glue(\topskip) 17.55556
.\hbox(6.44444+0.0)x216.0, glue set 142.80544fil
..\hbox(0.0+0.0)x0.0
..\mathon
..\mathoff
..\hbox(6.296+0.0)x43.19449
...\bbfnine c
...\bbfnine o
...\bbfnine n
...\bbfnine d
...\bbfnine i
...etc.
..\glue 10.00002
..etc.
.\glue(\parskip) 0.0
.\glue(\baselineskip) 4.05556
.\hbox(6.94444+1.94444)x216.0, glue set 70.26297fil
..\hbox(0.0+0.0)x0.0
..\bitten c
..\kern-0.51112
..\bitten o
..\bitten n
..etc.
.etc.


Overfull \hbox (19.99718pt too wide) in paragraph at lines 526--526
[]\bitten define-method-combination ar-gu-ments lambda list \tenrm 3--

\hbox(6.94444+1.94444)x216.0
.\hbox(0.0+0.0)x0.0
.\bitten d
.\bitten e
.\bitten ^^L (ligature fi)
.\bitten n
.etc.


Underfull \vbox (badness 10000) has occurred while \output is active
\vbox(516.0+1.94444)x216.0
.\glue(\topskip) 17.55556
.\hbox(6.44444+0.0)x216.0, glue set 144.44563fil
..\hbox(0.0+0.0)x0.0
..\mathon
..\mathoff
..\hbox(6.296+0.0)x36.55428
...\bbfnine c
...\bbfnine o
...\bbfnine u
...\bbfnine n
...\kern-0.29585
...etc.
..\glue 10.00002
..etc.
.\glue(\parskip) 0.0
.\glue(\baselineskip) 4.55556
.\hbox(6.44444+0.0)x216.0, glue set 126.56735fil
..\hbox(0.0+0.0)x0.0
..\mathon
..\mathoff
..\hbox(6.296+0.0)x54.43256
...\bbfnine c
...\bbfnine o
...\bbfnine u
...\bbfnine n
...\kern-0.29585
...etc.
..\glue 10.00002
..etc.
.etc.

 [-6]
Underfull \vbox (badness 10000) has occurred while \output is active
\vbox(516.0+0.0)x216.0
.\glue(\topskip) 17.05556
.\hbox(6.94444+1.94444)x216.0, glue set 121.8387fil
..\hbox(0.0+0.0)x0.0
..\bitten d
..\bitten e
..\bitten ^^L (ligature fi)
..\bitten n
..etc.
.\glue(\parskip) 0.0
.\glue(\baselineskip) 2.61111
.\hbox(6.44444+0.0)x216.0, glue set 143.43916fil
..\hbox(0.0+0.0)x0.0
..\mathon
..\mathoff
..\hbox(6.296+0.0)x42.56076
...\bbfnine d
...\bbfnine e
...\bbfnine f
...\bbfnine m
...\bbfnine a
...etc.
..\glue 10.00002
..etc.
.etc.


Underfull \vbox (badness 10000) has occurred while \output is active
\vbox(516.0+1.94444)x216.0
.\glue(\topskip) 17.55556
.\hbox(6.44444+1.75)x216.0, glue set 107.46542fil
..\hbox(0.0+0.0)x0.0
..\mathon
..\mathoff
..\hbox(6.296+1.75)x73.53448
...\bbfnine d
...\bbfnine i
...\bbfnine v
...\bbfnine i
...\bbfnine s
...etc.
..\glue 10.00002
..etc.
.\glue(\parskip) 0.0
.\glue(\baselineskip) 2.80556
.\hbox(6.44444+0.0)x216.0, glue set 174.75844fil
..\hbox(0.0+0.0)x0.0
..\mathon
..\mathoff
..\hbox(6.296+0.0)x11.24149
...\bbfnine d
...\bbfnine o
...\kern 0.0
..\glue 10.00002
..etc.
.etc.

 [-7]
Underfull \vbox (badness 10000) has occurred while \output is active
\vbox(516.0+1.75)x216.0
.\glue(\topskip) 17.55556
.\hbox(6.44444+1.94444)x216.0, glue set 133.22667fil
..\hbox(0.0+0.0)x0.0
..\bitten e
..\bitten m
..\bitten p
..\bitten t
..etc.
.\glue(\parskip) 0.0
.\glue(\baselineskip) 2.61111
.\hbox(6.44444+0.0)x216.0, glue set 84.34445fil
..\hbox(0.0+0.0)x0.0
..\mathon
..\mathoff
..\hbox(6.296+0.0)x101.65547
...\bbfnine e
...\bbfnine n
...\bbfnine c
...\bbfnine o
...\kern0.29584
...etc.
..\glue 10.00002
..etc.
.etc.


Overfull \vbox (1.75pt too high) has occurred while \output is active
\vbox(516.0+0.0)x216.0
.\hbox(516.0+1.75)x216.0
..\vbox(516.0+1.75)x216.0
...\glue(\topskip) 17.55556
...\hbox(6.44444+1.94444)x216.0, glue set 133.22667fil []
...\glue(\parskip) 0.0
...\glue(\baselineskip) 2.61111
...\hbox(6.44444+0.0)x216.0, glue set 84.34445fil []
...etc.
..\glue 0.0 plus 1.0fil minus 1.0fil
.\glue 0.0 plus 1.0fil


Underfull \vbox (badness 10000) has occurred while \output is active
\vbox(516.0+0.0)x216.0
.\glue(\topskip) 17.05556
.\hbox(6.94444+1.94444)x216.0, glue set 144.27795fil
..\hbox(0.0+0.0)x0.0
..\bitten e
..\bitten x
..\bitten p
..\kern-0.51112
..etc.
.\glue(\parskip) 0.0
.\glue(\baselineskip) 2.11111
.\hbox(6.94444+1.94444)x216.0, glue set 83.8603fil
..\hbox(0.0+0.0)x0.0
..\bitten e
..\bitten x
..\bitten p
..\bitten r
..etc.
.etc.

 [-8]
Underfull \vbox (badness 10000) has occurred while \output is active
\vbox(516.0+1.94444)x216.0
.\glue(\topskip) 17.05556
.\hbox(6.94444+1.94444)x216.0, glue set 117.84868fil
..\hbox(0.0+0.0)x0.0
..\bitten ^^L (ligature fi)
..\bitten l
..\bitten e
..\bitten n
..etc.
.\glue(\parskip) 0.0
.\glue(\baselineskip) 2.61111
.\hbox(6.44444+0.0)x216.0, glue set 174.1668fil
..\hbox(0.0+0.0)x0.0
..\mathon
..\mathoff
..\hbox(6.296+0.0)x11.83313
...\bbfnine ^^\ (ligature fi)
...\bbfnine l
...\bbfnine l
...\kern 0.0
..\glue 10.00002
..etc.
.etc.


Overfull \vbox (1.94444pt too high) has occurred while \output is active
\vbox(516.0+0.0)x216.0
.\hbox(516.0+1.94444)x216.0
..\vbox(516.0+1.94444)x216.0
...\glue(\topskip) 17.05556
...\hbox(6.94444+1.94444)x216.0, glue set 117.84868fil []
...\glue(\parskip) 0.0
...\glue(\baselineskip) 2.61111
...\hbox(6.44444+0.0)x216.0, glue set 174.1668fil []
...etc.
..\glue 0.0 plus 1.0fil minus 1.0fil
.\glue 0.0 plus 1.0fil


Underfull \vbox (badness 10000) has occurred while \output is active
\vbox(516.0+1.75)x216.0
.\glue(\topskip) 17.05556
.\hbox(6.94444+1.94444)x216.0, glue set 122.61559fil
..\hbox(0.0+0.0)x0.0
..\bitten f
..\bitten o
..\bitten r
..\bitten m
..etc.
.\glue(\parskip) 0.0
.\glue(\baselineskip) 2.61111
.\hbox(6.44444+0.0)x216.0, glue set 136.41267fil
..\hbox(0.0+0.0)x0.0
..\mathon
..\mathoff
..\hbox(6.296+0.0)x44.58723
...\bbfnine f
...\bbfnine o
...\bbfnine r
...\bbfnine m
...\bbfnine a
...etc.
..\glue 10.00002
..etc.
.etc.

 [-9]
Underfull \vbox (badness 10000) has occurred while \output is active
\vbox(516.0+1.94444)x216.0
.\glue(\topskip) 17.55556
.\hbox(6.44444+1.75)x216.0, glue set 65.92911fil
..\hbox(0.0+0.0)x0.0
..\mathon
..\mathoff
..\hbox(6.296+1.75)x115.0708
...\bbfnine g
...\bbfnine e
...\bbfnine t
...\bbfnine -
...\bbfnine o
...etc.
..\glue 10.00002
..etc.
.\glue(\parskip) 0.0
.\glue(\baselineskip) 2.80556
.\hbox(6.44444+1.75)x216.0, glue set 115.78186fil
..\hbox(0.0+0.0)x0.0
..\mathon
..\mathoff
..\hbox(6.296+1.75)x65.21805
...\bbfnine g
...\bbfnine e
...\bbfnine t
...\bbfnine -
...\bbfnine p
...etc.
..\glue 10.00002
..etc.
.etc.


Overfull \vbox (1.94444pt too high) has occurred while \output is active
\vbox(516.0+0.0)x216.0
.\hbox(516.0+1.94444)x216.0
..\vbox(516.0+1.94444)x216.0
...\glue(\topskip) 17.55556
...\hbox(6.44444+1.75)x216.0, glue set 65.92911fil []
...\glue(\parskip) 0.0
...\glue(\baselineskip) 2.80556
...\hbox(6.44444+1.75)x216.0, glue set 115.78186fil []
...etc.
..\glue 0.0 plus 1.0fil minus 1.0fil
.\glue 0.0 plus 1.0fil


Underfull \vbox (badness 10000) has occurred while \output is active
\vbox(516.0+0.0)x216.0
.\glue(\topskip) 17.05556
.\hbox(6.94444+1.94444)x216.0, glue set 65.81873fil
..\hbox(0.0+0.0)x0.0
..\bitten i
..\bitten m
..\bitten p
..\bitten l
..etc.
.\glue(\parskip) 0.0
.\glue(\baselineskip) 2.11111
.\hbox(6.94444+1.94444)x216.0, glue set 57.12988fil
..\hbox(0.0+0.0)x0.0
..\bitten i
..\bitten m
..\bitten p
..\bitten l
..etc.
.etc.

 [-10]
Underfull \vbox (badness 10000) has occurred while \output is active
\vbox(516.0+1.75)x216.0
.\glue(\topskip) 17.05556
.\hbox(6.94444+1.94444)x216.0, glue set 98.40189fil
..\hbox(0.0+0.0)x0.0
..\bitten i
..\bitten n
..\bitten t
..\bitten e
..etc.
.\glue(\parskip) 0.0
.\glue(\baselineskip) 2.11111
.\hbox(6.94444+0.0)x216.0, glue set 150.8334fil
..\hbox(0.0+0.0)x0.0
..\bitten i
..\bitten n
..\bitten v
..\bitten a
..etc.
.etc.


Overfull \vbox (1.75pt too high) has occurred while \output is active
\vbox(516.0+0.0)x216.0
.\hbox(516.0+1.75)x216.0
..\vbox(516.0+1.75)x216.0
...\glue(\topskip) 17.05556
...\hbox(6.94444+1.94444)x216.0, glue set 98.40189fil []
...\glue(\parskip) 0.0
...\glue(\baselineskip) 2.11111
...\hbox(6.94444+0.0)x216.0, glue set 150.8334fil []
...etc.
..\glue 0.0 plus 1.0fil minus 1.0fil
.\glue 0.0 plus 1.0fil


Underfull \vbox (badness 10000) has occurred while \output is active
\vbox(516.0+0.0)x216.0
.\glue(\topskip) 17.55556
.\hbox(6.44444+1.75)x216.0, glue set 18.20213fil
..\hbox(0.0+0.0)x0.0
..\mathon
..\mathoff
..\hbox(6.296+1.75)x162.79778
...\bbfnine l
...\bbfnine e
...\bbfnine a
...\bbfnine s
...\bbfnine t
...etc.
..\glue 10.00002
..etc.
.\glue(\parskip) 0.0
.\glue(\baselineskip) 2.80556
.\hbox(6.44444+1.75)x216.0, glue set 13.75012fil
..\hbox(0.0+0.0)x0.0
..\mathon
..\mathoff
..\hbox(6.296+1.75)x167.24979
...\bbfnine l
...\bbfnine e
...\bbfnine a
...\bbfnine s
...\bbfnine t
...etc.
..\glue 10.00002
..etc.
.etc.

 [-11]
Underfull \vbox (badness 10000) has occurred while \output is active
\vbox(516.0+1.75)x216.0
.\glue(\topskip) 17.05556
.\hbox(6.94444+0.0)x216.0, glue set 114.31564fil
..\hbox(0.0+0.0)x0.0
..\bitten l
..\bitten o
..\kern-0.51112
..\bitten a
..etc.
.\glue(\parskip) 0.0
.\glue(\baselineskip) 4.55556
.\hbox(6.44444+1.75)x216.0, glue set 21.0246fil
..\hbox(0.0+0.0)x0.0
..\mathon
..\mathoff
..\hbox(6.296+1.75)x159.97531
...\bbfnine l
...\bbfnine o
...\bbfnine a
...\bbfnine d
...\bbfnine -
...etc.
..\glue 10.00002
..etc.
.etc.


Overfull \vbox (1.75pt too high) has occurred while \output is active
\vbox(516.0+0.0)x216.0
.\hbox(516.0+1.75)x216.0
..\vbox(516.0+1.75)x216.0
...\glue(\topskip) 17.05556
...\hbox(6.94444+0.0)x216.0, glue set 114.31564fil []
...\glue(\parskip) 0.0
...\glue(\baselineskip) 4.55556
...\hbox(6.44444+1.75)x216.0, glue set 21.0246fil []
...etc.
..\glue 0.0 plus 1.0fil minus 1.0fil
.\glue 0.0 plus 1.0fil


Underfull \vbox (badness 10000) has occurred while \output is active
\vbox(516.0+1.75)x216.0
.\glue(\topskip) 17.05556
.\hbox(6.94444+0.0)x216.0, glue set 139.74327fil
..\hbox(0.0+0.0)x0.0
..\bitten l
..\bitten o
..\bitten w
..\bitten e
..etc.
.\glue(\parskip) 0.0
.\glue(\baselineskip) 4.55556
.\hbox(6.44444+0.0)x216.0, glue set 101.3512fil
..\hbox(0.0+0.0)x0.0
..\mathon
..\mathoff
..\hbox(6.296+0.0)x79.64871
...\bbfnine m
...\bbfnine a
...\bbfnine c
...\kern-0.29585
...\bbfnine h
...etc.
..\glue 10.00002
..etc.
.etc.

 [-12]
Underfull \vbox (badness 10000) has occurred while \output is active
\vbox(516.0+1.75)x216.0
.\glue(\topskip) 17.55556
.\hbox(6.44444+1.75)x216.0, glue set 156.00226fil
..\hbox(0.0+0.0)x0.0
..\mathon
..\mathoff
..\hbox(4.11098+1.75)x24.99765
...\bbfnine m
...\bbfnine a
...\bbfnine p
...\kern0.29584
...\bbfnine c
...etc.
..\glue 10.00002
..etc.
.\glue(\parskip) 0.0
.\glue(\baselineskip) 2.80556
.\hbox(6.44444+1.75)x216.0, glue set 144.90538fil
..\hbox(0.0+0.0)x0.0
..\mathon
..\mathoff
..\hbox(4.11098+1.75)x36.09453
...\bbfnine m
...\bbfnine a
...\bbfnine p
...\kern0.29584
...\bbfnine c
...etc.
..\glue 10.00002
..etc.
.etc.


Overfull \vbox (1.75pt too high) has occurred while \output is active
\vbox(516.0+0.0)x216.0
.\hbox(516.0+1.75)x216.0
..\vbox(516.0+1.75)x216.0
...\glue(\topskip) 17.55556
...\hbox(6.44444+1.75)x216.0, glue set 156.00226fil []
...\glue(\parskip) 0.0
...\glue(\baselineskip) 2.80556
...\hbox(6.44444+1.75)x216.0, glue set 144.90538fil []
...etc.
..\glue 0.0 plus 1.0fil minus 1.0fil
.\glue 0.0 plus 1.0fil


Underfull \vbox (badness 10000) has occurred while \output is active
\vbox(516.0+0.0)x216.0
.\glue(\topskip) 17.55556
.\hbox(6.44444+1.75)x216.0, glue set 64.99338fil
..\hbox(0.0+0.0)x0.0
..\mathon
..\mathoff
..\hbox(6.296+1.75)x116.00653
...\bbfnine m
...\bbfnine o
...\bbfnine s
...\bbfnine t
...\bbfnine -
...etc.
..\glue 10.00002
..etc.
.\glue(\parskip) 0.0
.\glue(\baselineskip) 2.80556
.\hbox(6.44444+1.94444)x216.0, glue set 90.89923fil
..\hbox(0.0+0.0)x0.0
..\mathon
..\mathoff
..\hbox(6.296+1.75)x68.98952
...\bbfnine m
...\kern-0.29585
...\bbfnine u
...\bbfnine ^^_ (ligature ffl)
...\bbfnine e
...etc.
..\glue 10.00002
..etc.
.etc.

 [-13]
Underfull \vbox (badness 10000) has occurred while \output is active
\vbox(516.0+1.94444)x216.0
.\glue(\topskip) 17.55556
.\hbox(6.44444+1.94444)x216.0, glue set 144.5056fil
..\hbox(0.0+0.0)x0.0
..\mathon
..\mathoff
..\hbox(5.94199+0.0)x15.38315
...\bbfnine n
...\bbfnine o
...\bbfnine t
...\kern 0.0
..\glue 10.00002
..etc.
.\glue(\parskip) 0.0
.\glue(\baselineskip) 2.61111
.\hbox(6.44444+1.75)x216.0, glue set 154.19815fil
..\hbox(0.0+0.0)x0.0
..\mathon
..\mathoff
..\hbox(5.94199+1.75)x31.80177
...\bbfnine n
...\bbfnine o
...\bbfnine t
...\bbfnine a
...\bbfnine n
...etc.
..\glue 10.00002
..etc.
.etc.


Overfull \vbox (1.94444pt too high) has occurred while \output is active
\vbox(516.0+0.0)x216.0
.\hbox(516.0+1.94444)x216.0
..\vbox(516.0+1.94444)x216.0
...\glue(\topskip) 17.55556
...\hbox(6.44444+1.94444)x216.0, glue set 144.5056fil []
...\glue(\parskip) 0.0
...\glue(\baselineskip) 2.61111
...\hbox(6.44444+1.75)x216.0, glue set 154.19815fil []
...etc.
..\glue 0.0 plus 1.0fil minus 1.0fil
.\glue 0.0 plus 1.0fil


Underfull \vbox (badness 10000) has occurred while \output is active
\vbox(516.0+1.75)x216.0
.\glue(\topskip) 17.55556
.\hbox(6.44444+1.94444)x216.0, glue set 122.66643fil
..\tenrm 6
..\tenrm { (ligature --)
..\discretionary
..\tenrm 9
..\tenrm ,
..etc.
.\glue(\parskip) 0.0
.\glue(\baselineskip) 2.11111
.\hbox(6.94444+1.94444)x216.0, glue set 104.07773fil
..\hbox(0.0+0.0)x0.0
..\bitten o
..\bitten r
..\kern-0.51112
..\bitten d
..etc.
.etc.

 [-14]
Underfull \vbox (badness 10000) has occurred while \output is active
\vbox(516.0+1.75)x216.0
.\glue(\topskip) 17.55556
.\hbox(6.44444+1.75)x216.0, glue set 135.91864fil
..\hbox(0.0+0.0)x0.0
..\mathon
..\mathoff
..\hbox(6.296+1.75)x45.08127
...\bbfnine p
...\kern0.29584
...\bbfnine e
...\bbfnine e
...\bbfnine k
...etc.
..\glue 10.00002
..etc.
.\glue(\parskip) 0.0
.\glue(\baselineskip) 1.75
.\hbox(7.5+2.5)x216.0, glue set 67.16638fil
..\hbox(0.0+0.0)x0.0
..\tenrm P
..\kern-0.27779
..\tenrm e
..\tenrm r
..etc.
.etc.


Overfull \vbox (1.75pt too high) has occurred while \output is active
\vbox(516.0+0.0)x216.0
.\hbox(516.0+1.75)x216.0
..\vbox(516.0+1.75)x216.0
...\glue(\topskip) 17.55556
...\hbox(6.44444+1.75)x216.0, glue set 135.91864fil []
...\glue(\parskip) 0.0
...\glue(\baselineskip) 1.75
...\hbox(7.5+2.5)x216.0, glue set 67.16638fil []
...etc.
..\glue 0.0 plus 1.0fil minus 1.0fil
.\glue 0.0 plus 1.0fil


Underfull \vbox (badness 10000) has occurred while \output is active
\vbox(516.0+1.94444)x216.0
.\glue(\topskip) 17.25
.\hbox(6.75+1.75)x216.0, glue set 124.77187fil
..\hbox(0.0+0.0)x0.0
..\mathon
..\mathoff
..\hbox(6.75+1.75)x56.22804
...\bbfnine *
...\bbfnine p
...\bbfnine r
...\bbfnine i
...\bbfnine n
...etc.
..\glue 10.00002
..etc.
.\glue(\parskip) 0.0
.\glue(\baselineskip) 2.5
.\hbox(6.75+1.94444)x216.0, glue set 66.8842fil
..\hbox(0.0+0.0)x0.0
..\mathon
..\mathoff
..\hbox(6.75+1.75)x61.89336
...\bbfnine *
...\bbfnine p
...\bbfnine r
...\bbfnine i
...\bbfnine n
...etc.
..\glue 10.00002
..etc.
.etc.

 [-15]
Underfull \vbox (badness 10000) has occurred while \output is active
\vbox(516.0+1.75)x216.0
.\glue(\topskip) 17.55556
.\hbox(6.44444+1.75)x216.0, glue set 146.27849fil
..\hbox(0.0+0.0)x0.0
..\mathon
..\mathoff
..\hbox(6.296+1.75)x34.72142
...\bbfnine p
...\bbfnine r
...\bbfnine o
...\kern-0.29585
...\bbfnine v
...etc.
..\glue 10.00002
..etc.
.\glue(\parskip) 0.0
.\glue(\baselineskip) 2.80556
.\hbox(6.44444+1.75)x216.0, glue set 162.54527fil
..\hbox(0.0+0.0)x0.0
..\mathon
..\mathoff
..\hbox(6.296+1.75)x23.45465
...\bbfnine p
...\bbfnine s
...\bbfnine e
...\bbfnine t
...\bbfnine f
...etc.
..\glue 10.00002
..etc.
.etc.


Overfull \vbox (1.75pt too high) has occurred while \output is active
\vbox(516.0+0.0)x216.0
.\hbox(516.0+1.75)x216.0
..\vbox(516.0+1.75)x216.0
...\glue(\topskip) 17.55556
...\hbox(6.44444+1.75)x216.0, glue set 146.27849fil []
...\glue(\parskip) 0.0
...\glue(\baselineskip) 2.80556
...\hbox(6.44444+1.75)x216.0, glue set 162.54527fil []
...etc.
..\glue 0.0 plus 1.0fil minus 1.0fil
.\glue 0.0 plus 1.0fil


Underfull \vbox (badness 10000) has occurred while \output is active
\vbox(516.0+0.0)x216.0
.\glue(\topskip) 17.55556
.\hbox(6.44444+0.0)x216.0, glue set 140.35632fil
..\hbox(0.0+0.0)x0.0
..\mathon
..\mathoff
..\hbox(6.296+0.0)x40.64359
...\bbfnine r
...\bbfnine e
...\bbfnine a
...\bbfnine d
...\bbfnine -
...etc.
..\glue 10.00002
..etc.
.\glue(\parskip) 0.0
.\glue(\baselineskip) 4.55556
.\hbox(6.44444+1.75)x216.0, glue set 59.51913fil
..\hbox(0.0+0.0)x0.0
..\mathon
..\mathoff
..\hbox(6.296+1.75)x126.48079
...\bbfnine r
...\bbfnine e
...\bbfnine a
...\bbfnine d
...\bbfnine -
...etc.
..\glue 10.00002
..etc.
.etc.

 [-16]
Underfull \vbox (badness 10000) has occurred while \output is active
\vbox(516.0+0.0)x216.0
.\glue(\topskip) 17.05556
.\hbox(6.94444+0.0)x216.0, glue set 147.72379fil
..\hbox(0.0+0.0)x0.0
..\bitten r
..\kern-0.51112
..\bitten e
..\bitten s
..etc.
.\glue(\parskip) 0.0
.\glue(\baselineskip) 4.55556
.\hbox(6.44444+1.94444)x216.0, glue set 117.18517fil
..\hbox(0.0+0.0)x0.0
..\bitten r
..\kern-0.51112
..\bitten e
..\bitten s
..etc.
.etc.


Underfull \vbox (badness 10000) has occurred while \output is active
\vbox(516.0+2.5)x216.0
.\glue(\topskip) 17.05556
.\hbox(6.94444+1.94444)x216.0, glue set 112.14346fil
..\hbox(0.0+0.0)x0.0
..\bitten s
..\bitten e
..\kern-0.51112
..\bitten c
..etc.
.\glue(\parskip) 0.0
.\glue(\baselineskip) 2.50197
.\hbox(6.55359+0.0)x216.0, glue set 150.333fil
..\hbox(0.0+0.0)x0.0
..\bitten s
..\bitten e
..\kern-0.51112
..\bitten c
..etc.
.etc.

 [-17]
Underfull \vbox (badness 10000) has occurred while \output is active
\vbox(516.0+1.94444)x216.0
.\glue(\topskip) 16.5
.\hbox(7.5+2.5)x216.0, glue set 28.6385fil
..\hbox(0.0+0.0)x0.0
..\tenrm S
..\tenrm h
..\tenrm a
..\tenrm r
..etc.
.\glue(\parskip) 0.0
.\glue(\baselineskip) 1.0
.\hbox(7.5+2.5)x216.0, glue set 64.16637fil
..\hbox(0.0+0.0)x0.0
..\tenrm S
..\tenrm h
..\tenrm a
..\tenrm r
..etc.
.etc.


Overfull \vbox (1.94444pt too high) has occurred while \output is active
\vbox(516.0+0.0)x216.0
.\hbox(516.0+1.94444)x216.0
..\vbox(516.0+1.94444)x216.0
...\glue(\topskip) 16.5
...\hbox(7.5+2.5)x216.0, glue set 28.6385fil []
...\glue(\parskip) 0.0
...\glue(\baselineskip) 1.0
...\hbox(7.5+2.5)x216.0, glue set 64.16637fil []
...etc.
..\glue 0.0 plus 1.0fil minus 1.0fil
.\glue 0.0 plus 1.0fil


Underfull \vbox (badness 10000) has occurred while \output is active
\vbox(516.0+1.94444)x216.0
.\glue(\topskip) 17.55556
.\hbox(6.44444+1.75)x216.0, glue set 92.8161fil
..\hbox(0.0+0.0)x0.0
..\mathon
..\mathoff
..\hbox(6.296+1.75)x88.1838
...\bbfnine s
...\bbfnine i
...\bbfnine m
...\bbfnine p
...\bbfnine l
...etc.
..\glue 10.00002
..etc.
.\glue(\parskip) 0.0
.\glue(\baselineskip) 2.80556
.\hbox(6.44444+1.75)x216.0, glue set 109.45969fil
..\hbox(0.0+0.0)x0.0
..\mathon
..\mathoff
..\hbox(6.296+1.75)x76.54024
...\bbfnine s
...\bbfnine i
...\bbfnine m
...\bbfnine p
...\bbfnine l
...etc.
..\glue 10.00002
..etc.
.etc.

 [-18]
Underfull \vbox (badness 10000) has occurred while \output is active
\vbox(516.0+1.75)x216.0
.\glue(\topskip) 17.05556
.\hbox(6.94444+1.94444)x216.0, glue set 112.4574fil
..\hbox(0.0+0.0)x0.0
..\bitten s
..\bitten p
..\kern-0.51112
..\bitten e
..etc.
.\glue(\parskip) 0.0
.\glue(\baselineskip) 2.11111
.\hbox(6.94444+1.94444)x216.0, glue set 114.699fil
..\hbox(0.0+0.0)x0.0
..\bitten s
..\bitten p
..\kern-0.51112
..\bitten e
..etc.
.etc.


Overfull \vbox (1.75pt too high) has occurred while \output is active
\vbox(516.0+0.0)x216.0
.\hbox(516.0+1.75)x216.0
..\vbox(516.0+1.75)x216.0
...\glue(\topskip) 17.05556
...\hbox(6.94444+1.94444)x216.0, glue set 112.4574fil []
...\glue(\parskip) 0.0
...\glue(\baselineskip) 2.11111
...\hbox(6.94444+1.94444)x216.0, glue set 114.699fil []
...etc.
..\glue 0.0 plus 1.0fil minus 1.0fil
.\glue 0.0 plus 1.0fil


Underfull \vbox (badness 10000) has occurred while \output is active
\vbox(516.0+1.75)x216.0
.\glue(\topskip) 17.55556
.\hbox(6.44444+0.0)x216.0, glue set 122.3847fil
..\hbox(0.0+0.0)x0.0
..\mathon
..\mathoff
..\hbox(5.94199+0.0)x58.6152
...\bbfnine s
...\bbfnine t
...\bbfnine r
...\bbfnine e
...\bbfnine a
...etc.
..\glue 10.00002
..etc.
.\glue(\parskip) 0.0
.\glue(\baselineskip) 4.55556
.\hbox(6.44444+0.0)x216.0, glue set 87.15436fil
..\hbox(0.0+0.0)x0.0
..\mathon
..\mathoff
..\hbox(5.94199+0.0)x93.84555
...\bbfnine s
...\bbfnine t
...\bbfnine r
...\bbfnine e
...\bbfnine a
...etc.
..\glue 10.00002
..etc.
.etc.

 [-19]
Underfull \vbox (badness 10000) has occurred while \output is active
\vbox(516.0+0.0)x216.0
.\glue(\topskip) 17.55556
.\hbox(6.44444+1.75)x216.0, glue set 145.82043fil
..\hbox(0.0+0.0)x0.0
..\mathon
..\mathoff
..\hbox(6.296+1.75)x35.17947
...\bbfnine s
...\bbfnine u
...\bbfnine b
...\bbfnine s
...\bbfnine e
...etc.
..\glue 10.00002
..etc.
.\glue(\parskip) 0.0
.\glue(\baselineskip) 2.80556
.\hbox(6.44444+0.0)x216.0, glue set 156.62393fil
..\hbox(0.0+0.0)x0.0
..\mathon
..\mathoff
..\hbox(6.296+0.0)x24.37598
...\bbfnine s
...\bbfnine u
...\bbfnine b
...\bbfnine s
...\bbfnine t
...etc.
..\glue 10.00002
..etc.
.etc.


Underfull \vbox (badness 10000) has occurred while \output is active
\vbox(516.0+2.5)x216.0
.\glue(\topskip) 17.44641
.\hbox(6.55359+1.94444)x216.0, glue set 108.2766fil
..\hbox(0.0+0.0)x0.0
..\bitten t
..\bitten e
..\bitten r
..\bitten m
..etc.
.\glue(\parskip) 0.0
.\glue(\baselineskip) 2.61111
.\hbox(6.44444+1.75)x216.0, glue set 154.31046fil
..\hbox(0.0+0.0)x0.0
..\mathon
..\mathoff
..\hbox(6.296+1.75)x26.68945
...\bbfnine t
...\bbfnine e
...\bbfnine r
...\bbfnine p
...\bbfnine r
...etc.
..\glue 10.00002
..etc.
.etc.

 [-20]
Underfull \vbox (badness 10000) has occurred while \output is active
\vbox(516.0+0.0)x216.0
.\glue(\topskip) 16.5
.\hbox(7.5+2.5)x216.0, glue set 66.4997fil
..\hbox(0.0+0.0)x0.0
..\tenrm T
..\tenrm i
..\tenrm l
..\tenrm d
..etc.
.\glue(\parskip) 0.0
.\glue(\baselineskip) 1.94641
.\hbox(6.55359+0.0)x216.0, glue set 161.08199fil
..\hbox(0.0+0.0)x0.0
..\bitten t
..\bitten i
..\bitten m
..\bitten e
..etc.
.etc.


Underfull \vbox (badness 10000) has occurred while \output is active
\vbox(516.0+1.94444)x216.0
.\glue(\topskip) 17.55556
.\hbox(6.44444+0.0)x216.0, glue set 141.2464fil
..\hbox(0.0+0.0)x0.0
..\mathon
..\mathoff
..\hbox(6.296+0.0)x39.75351
...\bbfnine u
...\bbfnine n
...\bbfnine i
...\bbfnine n
...\kern-0.29585
...etc.
..\glue 10.00002
..etc.
.\glue(\parskip) 0.0
.\glue(\baselineskip) 4.05556
.\hbox(6.94444+0.0)x216.0, glue set 133.328fil
..\hbox(0.0+0.0)x0.0
..\bitten u
..\bitten n
..\bitten i
..\bitten n
..etc.
.etc.

 [-21]
Underfull \vbox (badness 10000) has occurred while \output is active
\vbox(516.0+1.75)x216.0
.\glue(\topskip) 17.05556
.\hbox(6.94444+1.94444)x216.0, glue set 55.59657fil
..\hbox(0.0+0.0)x0.0
..\bitten v
..\bitten a
..\bitten l
..\bitten i
..etc.
.\glue(\parskip) 0.0
.\glue(\baselineskip) 2.11111
.\hbox(6.94444+1.94444)x216.0, glue set 92.10193fil
..\hbox(0.0+0.0)x0.0
..\bitten v
..\bitten a
..\bitten l
..\bitten i
..etc.
.etc.

)
Overfull \vbox (1.75pt too high) has occurred while \output is active
\vbox(516.0+0.0)x216.0
.\hbox(516.0+1.75)x216.0
..\vbox(516.0+1.75)x216.0
...\glue(\topskip) 17.05556
...\hbox(6.94444+1.94444)x216.0, glue set 55.59657fil []
...\glue(\parskip) 0.0
...\glue(\baselineskip) 2.11111
...\hbox(6.94444+1.94444)x216.0, glue set 92.10193fil []
...etc.
..\glue 0.0 plus 1.0fil minus 1.0fil
.\glue 0.0 plus 1.0fil

 [-22]
(./chap-0-edit-history.tex
Underfull \hbox (badness 10000) in alignment at lines 3--14
[][][]

\hbox(0.0+0.0)x480.0
.\glue(\tabskip) 0.0
.\unsetbox(0.0+0.0)x132.05579
.\glue(\tabskip) 0.0
.\unsetbox(0.0+0.0)x150.88922
.\glue(\tabskip) 0.0
.etc.


Underfull \hbox (badness 10000) in alignment at lines 19--27
[]

\hbox(0.0+0.0)x480.0
.\glue(\tabskip) 0.0
.\unsetbox(0.0+0.0)x203.72263
.\glue(\tabskip) 0.0

[-1]
Underfull \hbox (badness 10000) in alignment at lines 38--176
[][][]

\hbox(0.0+0.0)x480.0
.\glue(\tabskip) 0.0
.\unsetbox(0.0+0.0)x59.16678
.\glue(\tabskip) 0.0
.\unsetbox(0.0+0.0)x66.41678
.\glue(\tabskip) 0.0
.etc.

[-2] [-3] [-4]
Underfull \hbox (badness 10000) in alignment at lines 190--234
[][]

\hbox(0.0+0.0)x480.0
.\glue(\tabskip) 0.0
.\unsetbox(0.0+0.0)x137.77806
.\glue(\tabskip) 0.0
.\unsetbox(0.0+0.0)x89.88905
.\glue(\tabskip) 0.0


Underfull \hbox (badness 10000) in alignment at lines 245--268
[][]

\hbox(0.0+0.0)x480.0
.\glue(\tabskip) 0.0
.\unsetbox(0.0+0.0)x171.86148
.\glue(\tabskip) 0.0
.\unsetbox(0.0+0.0)x84.25018
.\glue(\tabskip) 0.0


Underfull \hbox (badness 10000) in alignment at lines 288--315
[][][]

\hbox(0.0+0.0)x480.0
.\glue(\tabskip) 0.0
.\unsetbox(0.0+0.0)x147.61137
.\glue(\tabskip) 0.0
.\unsetbox(0.0+0.0)x96.63908
.\glue(\tabskip) 0.0
.etc.

[-5]
Underfull \hbox (badness 10000) in alignment at lines 345--406
[][]

\hbox(0.0+0.0)x480.0
.\glue(\tabskip) 0.0
.\unsetbox(0.0+0.0)x204.47267
.\glue(\tabskip) 0.0
.\unsetbox(0.0+0.0)x150.9169
.\glue(\tabskip) 0.0

[-6]
Underfull \hbox (badness 10000) in alignment at lines 448--497
[][][]

\hbox(0.0+0.0)x480.0
.\glue(\tabskip) 0.0
.\unsetbox(0.0+0.0)x113.94466
.\glue(\tabskip) 0.0
.\unsetbox(0.0+0.0)x112.27798
.\glue(\tabskip) 0.0
.etc.

) [-7] [-8] ){/usr/share/texmf/fonts/enc/dvips/lm/lm-ec.enc}</usr/share/texlive
/texmf-dist/fonts/type1/public/amsfonts/cm/cmr10.pfb></usr/share/texlive/texmf-
dist/fonts/type1/public/amsfonts/cm/cmsy10.pfb></usr/share/texlive/texmf-dist/f
onts/type1/public/amsfonts/cm/cmti10.pfb></usr/share/texlive/texmf-dist/fonts/t
ype1/public/amsfonts/cm/cmtt10.pfb></usr/share/texmf/fonts/type1/public/lm/lmbx
10.pfb></usr/share/texmf/fonts/type1/public/lm/lmbx9.pfb></usr/share/texmf/font
s/type1/public/lm/lmr10.pfb></usr/share/texmf/fonts/type1/public/lm/lmr5.pfb></
usr/share/texmf/fonts/type1/public/lm/lmr7.pfb></usr/share/texmf/fonts/type1/pu
blic/lm/lmtt9.pfb>
Output written on chap-0.pdf (56 pages, 312962 bytes).
PDF statistics:
 227 PDF objects out of 1000 (max. 8388607)
 157 compressed objects within 2 object streams
 0 named destinations out of 1000 (max. 500000)
 1 words of extra memory for PDF output out of 10000 (max. 10000000)

